#
# A fatal error has been detected by the Java Runtime Environment:
#
#  EXCEPTION_ACCESS_VIOLATION (0xc0000005) at pc=0x626047ca, pid=4160, tid=0x000017f8
#
# JRE version: Java(TM) SE Runtime Environment (8.0_121-b13) (build 1.8.0_121-b13)
# Java VM: Java HotSpot(TM) Client VM (25.121-b13 mixed mode windows-x86 )
# Problematic frame:
# V  [jvm.dll+0x1347ca]
#
# Failed to write core dump. Minidumps are not enabled by default on client versions of Windows
#
# If you would like to submit a bug report, please visit:
#   http://bugreport.java.com/bugreport/crash.jsp
#

---------------  T H R E A D  ---------------

Current thread (0x14e81c00):  VMThread [stack: 0x04860000,0x048b0000] [id=6136]

siginfo: ExceptionCode=0xc0000005, reading address 0x0000002c

Registers:
EAX=0x00000006, EBX=0x19d11068, ECX=0x00000010, EDX=0x00000003
ESP=0x048af82c, EBP=0x048af86c, ESI=0x0bd3c588, EDI=0x17d8f2c0
EIP=0x626047ca, EFLAGS=0x00010246

Top of Stack: (sp=0x048af82c)
0x048af82c:   19d11108 1579f304 14e81c00 18144e18
0x048af83c:   18146fb4 000103c4 167fce40 14e81c00
0x048af84c:   167fce40 14e81c00 00514768 048af870
0x048af85c:   6250d949 19d10ea0 00000001 17d8f2c0
0x048af86c:   048af8e8 625fa31b 19d11108 048af8fb
0x048af87c:   1579f304 00000007 14e81c00 14e81c00
0x048af88c:   004fbe98 14e82028 14e82030 14e8211c
0x048af89c:   000000ec 048af908 00000000 17dae300 

Instructions: (pc=0x626047ca)
0x626047aa:   00 8b 43 10 8b d0 c1 ea 10 f6 c2 01 0f 84 85 01
0x626047ba:   00 00 c1 e8 0f a8 01 0f 85 7a 01 00 00 8b 43 04
0x626047ca:   0f b7 48 26 51 8b 4d 08 e8 79 43 f8 ff 50 56 89
0x626047da:   45 f4 e8 6f 24 f1 ff 83 c4 08 f7 05 24 79 85 62 


Register to memory mapping:

EAX=0x00000006 is an unknown value
EBX=0x19d11068 is pointing into metadata
ECX=0x00000010 is an unknown value
EDX=0x00000003 is an unknown value
ESP=0x048af82c is an unknown value
EBP=0x048af86c is an unknown value
ESI=0x0bd3c588 is an oop
java.lang.invoke.MemberName 
 - klass: 'java/lang/invoke/MemberName'
EDI=0x17d8f2c0 is an unknown value


Stack: [0x04860000,0x048b0000],  sp=0x048af82c,  free space=318k
Native frames: (J=compiled Java code, j=interpreted, Vv=VM code, C=native code)
V  [jvm.dll+0x1347ca]
V  [jvm.dll+0x12a31b]
V  [jvm.dll+0x12a519]
V  [jvm.dll+0x1830fb]
V  [jvm.dll+0x182511]
V  [jvm.dll+0x182927]
V  [jvm.dll+0x182b22]
V  [jvm.dll+0x1c2ae6]
C  [msvcr100.dll+0x5c556]
C  [msvcr100.dll+0x5c600]
C  [kernel32.dll+0x133aa]
C  [ntdll.dll+0x39f72]
C  [ntdll.dll+0x39f45]

VM_Operation (0x1579f304): RedefineClasses, mode: safepoint, requested by thread 0x14ec9800


---------------  P R O C E S S  ---------------

Java Threads: ( => current thread )
  0x17b41800 JavaThread "http-nio-8080-exec-2" daemon [_thread_blocked, id=5292, stack(0x19ef0000,0x19f40000)]
  0x1811a400 JavaThread "http-nio-8080-exec-1" daemon [_thread_blocked, id=5032, stack(0x1b250000,0x1b2a0000)]
  0x1811b000 JavaThread "http-nio-8080-AsyncTimeout" daemon [_thread_blocked, id=1960, stack(0x1b200000,0x1b250000)]
  0x1811a000 JavaThread "http-nio-8080-Acceptor-0" daemon [_thread_in_native, id=2952, stack(0x1b1b0000,0x1b200000)]
  0x18119800 JavaThread "http-nio-8080-ClientPoller-1" daemon [_thread_in_native, id=6048, stack(0x1b160000,0x1b1b0000)]
  0x1811bc00 JavaThread "http-nio-8080-ClientPoller-0" daemon [_thread_in_native, id=4232, stack(0x19930000,0x19980000)]
  0x1811ac00 JavaThread "NioBlockingSelector.BlockPoller-7" daemon [_thread_in_native, id=2860, stack(0x1b030000,0x1b080000)]
  0x17b41c00 JavaThread "File Watcher" daemon [_thread_blocked, id=5644, stack(0x19fb0000,0x1a000000)]
  0x17b41000 JavaThread "Tomcat JDBC Pool Cleaner[11840194:1488233054035]" daemon [_thread_blocked, id=5920, stack(0x19e70000,0x19ec0000)]
  0x17b40c00 JavaThread "container-0" [_thread_blocked, id=5664, stack(0x19e10000,0x19e60000)]
  0x17b42400 JavaThread "ContainerBackgroundProcessor[StandardEngine[Tomcat]]" daemon [_thread_blocked, id=5376, stack(0x19a10000,0x19a60000)]
  0x17b42c00 JavaThread "DestroyJavaVM" [_thread_blocked, id=864, stack(0x01f20000,0x01f70000)]
  0x17b40400 JavaThread "Live Reload Server" daemon [_thread_in_native, id=2108, stack(0x15650000,0x156a0000)]
  0x17b3f800 JavaThread "Abandoned connection cleanup thread" daemon [_thread_blocked, id=5164, stack(0x18e60000,0x18eb0000)]
  0x15f4f400 JavaThread "RMI TCP Accept-0" daemon [_thread_in_native, id=5692, stack(0x15850000,0x158a0000)]
  0x15ef4400 JavaThread "RMI TCP Accept-52835" daemon [_thread_in_native, id=3224, stack(0x168a0000,0x168f0000)]
  0x15e2f800 JavaThread "RMI TCP Accept-0" daemon [_thread_in_native, id=4036, stack(0x16700000,0x16750000)]
  0x14f01800 JavaThread "Service Thread" daemon [_thread_blocked, id=3024, stack(0x159e0000,0x15a30000)]
  0x14edd000 JavaThread "C1 CompilerThread0" daemon [_thread_blocked, id=5260, stack(0x158b0000,0x15900000)]
  0x14ecf000 JavaThread "JDWP Command Reader" daemon [_thread_in_native, id=5992, stack(0x153f0000,0x15440000)]
  0x14ecd000 JavaThread "JDWP Event Helper Thread" daemon [_thread_blocked, id=3228, stack(0x156a0000,0x156f0000)]
  0x14ec9800 JavaThread "JDWP Transport Listener: dt_socket" daemon [_thread_blocked, id=5420, stack(0x15750000,0x157a0000)]
  0x14ec4800 JavaThread "Attach Listener" daemon [_thread_blocked, id=5264, stack(0x15220000,0x15270000)]
  0x14ec3800 JavaThread "Signal Dispatcher" daemon [_thread_blocked, id=5044, stack(0x024d0000,0x02520000)]
  0x14ead400 JavaThread "Finalizer" daemon [_thread_blocked, id=2420, stack(0x023d0000,0x02420000)]
  0x14e88000 JavaThread "Reference Handler" daemon [_thread_blocked, id=5704, stack(0x048b0000,0x04900000)]

Other Threads:
=>0x14e81c00 VMThread [stack: 0x04860000,0x048b0000] [id=6136]
  0x15f33400 WatcherThread [stack: 0x15900000,0x15950000] [id=5456]

VM state:at safepoint (normal execution)

VM Mutex/Monitor currently owned by a thread:  ([mutex/lock_event])
[0x004f06d8] Threads_lock - owner thread: 0x14e81c00

Heap:
 def new generation   total 40128K, used 29339K [0x04a00000, 0x07580000, 0x09f50000)
  eden space 35712K,  76% used [0x04a00000, 0x064c0448, 0x06ce0000)
  from space 4416K,  44% used [0x06ce0000, 0x06ec67d0, 0x07130000)
  to   space 4416K,   0% used [0x07130000, 0x07130000, 0x07580000)
 tenured generation   total 89016K, used 63605K [0x09f50000, 0x0f63e000, 0x14a00000)
   the space 89016K,  71% used [0x09f50000, 0x0dd6d4c8, 0x0dd6d600, 0x0f63e000)
 Metaspace       used 33886K, capacity 34375K, committed 34432K, reserved 35200K

Card table byte_map: [0x003c0000,0x00450000] byte_map_base: 0x0039b000

Polling page: 0x00210000

CodeCache: size=32768Kb used=5615Kb max_used=6135Kb free=27152Kb
 bounds [0x02830000, 0x02e40000, 0x04830000]
 total_blobs=2793 nmethods=2580 adapters=150
 compilation: enabled

Compilation events (10 events):
Event: 825.480 Thread 0x14edd000 6082             br.com.lotto.service.frequencia.analise.AnaliseFrequencia$AnaliseFreqResult::getMedia (5 bytes)
Event: 825.480 Thread 0x14edd000 nmethod 6082 0x02a4bf08 code [0x02a4c000, 0x02a4c080]
Event: 827.226 Thread 0x14edd000 6083             java.util.HashMap$KeySet::contains (9 bytes)
Event: 827.226 Thread 0x14edd000 nmethod 6083 0x029a5b48 code [0x029a5c50, 0x029a5cfc]
Event: 830.581 Thread 0x14edd000 6084             java.util.IdentityHashMap::clear (39 bytes)
Event: 830.582 Thread 0x14edd000 nmethod 6084 0x0290af88 code [0x0290b080, 0x0290b140]
Event: 834.423 Thread 0x14edd000 6085             java.util.Collections$UnmodifiableCollection$1::hasNext (10 bytes)
Event: 834.423 Thread 0x14edd000 nmethod 6085 0x02a967c8 code [0x02a968d0, 0x02a9696c]
Event: 849.214 Thread 0x14edd000 6086             java.io.WinNTFileSystem::resolve (231 bytes)
Event: 849.217 Thread 0x14edd000 nmethod 6086 0x02d18908 code [0x02d18af0, 0x02d19424]

GC Heap History (10 events):
Event: 810.073 GC heap before
{Heap before GC invocations=191 (full 10):
 def new generation   total 40128K, used 38799K [0x04a00000, 0x07580000, 0x09f50000)
  eden space 35712K, 100% used [0x04a00000, 0x06ce0000, 0x06ce0000)
  from space 4416K,  69% used [0x07130000, 0x07433e48, 0x07580000)
  to   space 4416K,   0% used [0x06ce0000, 0x06ce0000, 0x07130000)
 tenured generation   total 89016K, used 53409K [0x09f50000, 0x0f63e000, 0x14a00000)
   the space 89016K,  59% used [0x09f50000, 0x0d378640, 0x0d378800, 0x0f63e000)
 Metaspace       used 33611K, capacity 34081K, committed 34176K, reserved 34176K
Event: 810.096 GC heap after
Heap after GC invocations=192 (full 10):
 def new generation   total 40128K, used 2063K [0x04a00000, 0x07580000, 0x09f50000)
  eden space 35712K,   0% used [0x04a00000, 0x04a00000, 0x06ce0000)
  from space 4416K,  46% used [0x06ce0000, 0x06ee3d68, 0x07130000)
  to   space 4416K,   0% used [0x07130000, 0x07130000, 0x07580000)
 tenured generation   total 89016K, used 54586K [0x09f50000, 0x0f63e000, 0x14a00000)
   the space 89016K,  61% used [0x09f50000, 0x0d49eb30, 0x0d49ec00, 0x0f63e000)
 Metaspace       used 33611K, capacity 34081K, committed 34176K, reserved 34176K
}
Event: 810.688 GC heap before
{Heap before GC invocations=192 (full 10):
 def new generation   total 40128K, used 37775K [0x04a00000, 0x07580000, 0x09f50000)
  eden space 35712K, 100% used [0x04a00000, 0x06ce0000, 0x06ce0000)
  from space 4416K,  46% used [0x06ce0000, 0x06ee3d68, 0x07130000)
  to   space 4416K,   0% used [0x07130000, 0x07130000, 0x07580000)
 tenured generation   total 89016K, used 54586K [0x09f50000, 0x0f63e000, 0x14a00000)
   the space 89016K,  61% used [0x09f50000, 0x0d49eb30, 0x0d49ec00, 0x0f63e000)
 Metaspace       used 33618K, capacity 34091K, committed 34176K, reserved 34176K
Event: 810.713 GC heap after
Heap after GC invocations=193 (full 10):
 def new generation   total 40128K, used 2863K [0x04a00000, 0x07580000, 0x09f50000)
  eden space 35712K,   0% used [0x04a00000, 0x04a00000, 0x06ce0000)
  from space 4416K,  64% used [0x07130000, 0x073fbf40, 0x07580000)
  to   space 4416K,   0% used [0x06ce0000, 0x06ce0000, 0x07130000)
 tenured generation   total 89016K, used 54586K [0x09f50000, 0x0f63e000, 0x14a00000)
   the space 89016K,  61% used [0x09f50000, 0x0d49eb30, 0x0d49ec00, 0x0f63e000)
 Metaspace       used 33618K, capacity 34091K, committed 34176K, reserved 34176K
}
Event: 812.055 GC heap before
{Heap before GC invocations=193 (full 10):
 def new generation   total 40128K, used 38575K [0x04a00000, 0x07580000, 0x09f50000)
  eden space 35712K, 100% used [0x04a00000, 0x06ce0000, 0x06ce0000)
  from space 4416K,  64% used [0x07130000, 0x073fbf40, 0x07580000)
  to   space 4416K,   0% used [0x06ce0000, 0x06ce0000, 0x07130000)
 tenured generation   total 89016K, used 54586K [0x09f50000, 0x0f63e000, 0x14a00000)
   the space 89016K,  61% used [0x09f50000, 0x0d49eb30, 0x0d49ec00, 0x0f63e000)
 Metaspace       used 33725K, capacity 34204K, committed 34304K, reserved 35200K
Event: 812.090 GC heap after
Heap after GC invocations=194 (full 10):
 def new generation   total 40128K, used 4194K [0x04a00000, 0x07580000, 0x09f50000)
  eden space 35712K,   0% used [0x04a00000, 0x04a00000, 0x06ce0000)
  from space 4416K,  94% used [0x06ce0000, 0x070f8838, 0x07130000)
  to   space 4416K,   0% used [0x07130000, 0x07130000, 0x07580000)
 tenured generation   total 89016K, used 56360K [0x09f50000, 0x0f63e000, 0x14a00000)
   the space 89016K,  63% used [0x09f50000, 0x0d65a008, 0x0d65a200, 0x0f63e000)
 Metaspace       used 33725K, capacity 34204K, committed 34304K, reserved 35200K
}
Event: 813.634 GC heap before
{Heap before GC invocations=194 (full 10):
 def new generation   total 40128K, used 39906K [0x04a00000, 0x07580000, 0x09f50000)
  eden space 35712K, 100% used [0x04a00000, 0x06ce0000, 0x06ce0000)
  from space 4416K,  94% used [0x06ce0000, 0x070f8838, 0x07130000)
  to   space 4416K,   0% used [0x07130000, 0x07130000, 0x07580000)
 tenured generation   total 89016K, used 56360K [0x09f50000, 0x0f63e000, 0x14a00000)
   the space 89016K,  63% used [0x09f50000, 0x0d65a008, 0x0d65a200, 0x0f63e000)
 Metaspace       used 33834K, capacity 34315K, committed 34432K, reserved 35200K
Event: 813.689 GC heap after
Heap after GC invocations=195 (full 10):
 def new generation   total 40128K, used 3412K [0x04a00000, 0x07580000, 0x09f50000)
  eden space 35712K,   0% used [0x04a00000, 0x04a00000, 0x06ce0000)
  from space 4416K,  77% used [0x07130000, 0x07485180, 0x07580000)
  to   space 4416K,   0% used [0x06ce0000, 0x06ce0000, 0x07130000)
 tenured generation   total 89016K, used 60369K [0x09f50000, 0x0f63e000, 0x14a00000)
   the space 89016K,  67% used [0x09f50000, 0x0da44740, 0x0da44800, 0x0f63e000)
 Metaspace       used 33834K, capacity 34315K, committed 34432K, reserved 35200K
}
Event: 815.690 GC heap before
{Heap before GC invocations=195 (full 10):
 def new generation   total 40128K, used 39124K [0x04a00000, 0x07580000, 0x09f50000)
  eden space 35712K, 100% used [0x04a00000, 0x06ce0000, 0x06ce0000)
  from space 4416K,  77% used [0x07130000, 0x07485180, 0x07580000)
  to   space 4416K,   0% used [0x06ce0000, 0x06ce0000, 0x07130000)
 tenured generation   total 89016K, used 60369K [0x09f50000, 0x0f63e000, 0x14a00000)
   the space 89016K,  67% used [0x09f50000, 0x0da44740, 0x0da44800, 0x0f63e000)
 Metaspace       used 33837K, capacity 34320K, committed 34432K, reserved 35200K
Event: 815.733 GC heap after
Heap after GC invocations=196 (full 10):
 def new generation   total 40128K, used 1945K [0x04a00000, 0x07580000, 0x09f50000)
  eden space 35712K,   0% used [0x04a00000, 0x04a00000, 0x06ce0000)
  from space 4416K,  44% used [0x06ce0000, 0x06ec67d0, 0x07130000)
  to   space 4416K,   0% used [0x07130000, 0x07130000, 0x07580000)
 tenured generation   total 89016K, used 63605K [0x09f50000, 0x0f63e000, 0x14a00000)
   the space 89016K,  71% used [0x09f50000, 0x0dd6d4c8, 0x0dd6d600, 0x0f63e000)
 Metaspace       used 33837K, capacity 34320K, committed 34432K, reserved 35200K
}

Deoptimization events (0 events):
No events

Internal exceptions (10 events):
Event: 814.719 Thread 0x17b40000 Exception <a 'java/lang/ArrayIndexOutOfBoundsException'> (0x05f9d2c8) thrown at [C:\workspace\8-2-build-windows-i586-cygwin\jdk8u121\8372\hotspot\src\share\vm\runtime\sharedRuntime.cpp, line 605]
Event: 814.721 Thread 0x17b40000 Exception <a 'java/lang/ArrayIndexOutOfBoundsException'> (0x05fa3710) thrown at [C:\workspace\8-2-build-windows-i586-cygwin\jdk8u121\8372\hotspot\src\share\vm\runtime\sharedRuntime.cpp, line 605]
Event: 814.722 Thread 0x17b40000 Exception <a 'java/lang/ArrayIndexOutOfBoundsException'> (0x05fad0c8) thrown at [C:\workspace\8-2-build-windows-i586-cygwin\jdk8u121\8372\hotspot\src\share\vm\runtime\sharedRuntime.cpp, line 605]
Event: 814.723 Thread 0x17b40000 Exception <a 'java/lang/ArrayIndexOutOfBoundsException'> (0x05fb37b0) thrown at [C:\workspace\8-2-build-windows-i586-cygwin\jdk8u121\8372\hotspot\src\share\vm\runtime\sharedRuntime.cpp, line 605]
Event: 814.825 Thread 0x17b40000 Exception <a 'java/lang/ArrayIndexOutOfBoundsException'> (0x061c4448) thrown at [C:\workspace\8-2-build-windows-i586-cygwin\jdk8u121\8372\hotspot\src\share\vm\runtime\sharedRuntime.cpp, line 605]
Event: 814.899 Thread 0x17b40000 Exception <a 'java/lang/ArrayIndexOutOfBoundsException'> (0x063fb8f8) thrown at [C:\workspace\8-2-build-windows-i586-cygwin\jdk8u121\8372\hotspot\src\share\vm\runtime\sharedRuntime.cpp, line 605]
Event: 815.783 Thread 0x17b40000 Exception <a 'java/lang/ArrayIndexOutOfBoundsException'> (0x04a03c20) thrown at [C:\workspace\8-2-build-windows-i586-cygwin\jdk8u121\8372\hotspot\src\share\vm\runtime\sharedRuntime.cpp, line 605]
Event: 815.783 Thread 0x17b40000 Exception <a 'java/lang/ArrayIndexOutOfBoundsException'> (0x04a063a0) thrown at [C:\workspace\8-2-build-windows-i586-cygwin\jdk8u121\8372\hotspot\src\share\vm\runtime\sharedRuntime.cpp, line 605]
Event: 815.784 Thread 0x17b40000 Exception <a 'java/lang/ArrayIndexOutOfBoundsException'> (0x04a080d8) thrown at [C:\workspace\8-2-build-windows-i586-cygwin\jdk8u121\8372\hotspot\src\share\vm\runtime\sharedRuntime.cpp, line 605]
Event: 820.795 Thread 0x1811a400 Exception <a 'java/lang/ArrayIndexOutOfBoundsException'> (0x052b0a28) thrown at [C:\workspace\8-2-build-windows-i586-cygwin\jdk8u121\8372\hotspot\src\share\vm\runtime\sharedRuntime.cpp, line 605]

Events (10 events):
Event: 834.425 Thread 0x14edd000 flushing nmethod 0x02ddaf48
Event: 834.425 Thread 0x14edd000 flushing nmethod 0x02ddb288
Event: 834.425 Thread 0x14edd000 flushing nmethod 0x02ddb448
Event: 834.425 Thread 0x14edd000 flushing nmethod 0x02ddb608
Event: 834.425 Thread 0x14edd000 flushing nmethod 0x02ddc7c8
Event: 834.425 Thread 0x14edd000 flushing nmethod 0x02ddcc08
Event: 834.425 Thread 0x14edd000 flushing nmethod 0x02ddce48
Event: 840.934 Executing VM operation: RevokeBias
Event: 840.934 Executing VM operation: RevokeBias done
Event: 860.879 Executing VM operation: RedefineClasses


Dynamic libraries:
0x00130000 - 0x00163000 	C:\Program Files (x86)\Java\jre1.8.0_121\bin\javaw.exe
0x77540000 - 0x776c0000 	C:\Windows\SysWOW64\ntdll.dll
0x764b0000 - 0x765c0000 	C:\Windows\syswow64\kernel32.dll
0x64cc0000 - 0x64cef000 	C:\Program Files\AVAST Software\Avast\aswhookx.dll
0x765f0000 - 0x76637000 	C:\Windows\syswow64\KERNELBASE.dll
0x76c50000 - 0x76cf0000 	C:\Windows\syswow64\ADVAPI32.dll
0x76830000 - 0x768dc000 	C:\Windows\syswow64\msvcrt.dll
0x76260000 - 0x76279000 	C:\Windows\SysWOW64\sechost.dll
0x76740000 - 0x76830000 	C:\Windows\syswow64\RPCRT4.dll
0x74ed0000 - 0x74f30000 	C:\Windows\syswow64\SspiCli.dll
0x74ec0000 - 0x74ecc000 	C:\Windows\syswow64\CRYPTBASE.dll
0x760d0000 - 0x761d0000 	C:\Windows\syswow64\USER32.dll
0x76b20000 - 0x76bb0000 	C:\Windows\syswow64\GDI32.dll
0x77510000 - 0x7751a000 	C:\Windows\syswow64\LPK.dll
0x76bb0000 - 0x76c4d000 	C:\Windows\syswow64\USP10.dll
0x69ce0000 - 0x69e7e000 	C:\Windows\WinSxS\x86_microsoft.windows.common-controls_6595b64144ccf1df_6.0.7601.17514_none_41e6975e2bd6f2b2\COMCTL32.dll
0x769a0000 - 0x769f7000 	C:\Windows\syswow64\SHLWAPI.dll
0x766e0000 - 0x76740000 	C:\Windows\system32\IMM32.DLL
0x75060000 - 0x7512c000 	C:\Windows\syswow64\MSCTF.dll
0x59420000 - 0x594df000 	C:\Program Files (x86)\Java\jre1.8.0_121\bin\msvcr100.dll
0x624d0000 - 0x6289e000 	C:\Program Files (x86)\Java\jre1.8.0_121\bin\client\jvm.dll
0x74900000 - 0x74907000 	C:\Windows\system32\WSOCK32.dll
0x766a0000 - 0x766d5000 	C:\Windows\syswow64\WS2_32.dll
0x761d0000 - 0x761d6000 	C:\Windows\syswow64\NSI.dll
0x64990000 - 0x649c2000 	C:\Windows\system32\WINMM.dll
0x743c0000 - 0x743c9000 	C:\Windows\system32\VERSION.dll
0x74f30000 - 0x74f35000 	C:\Windows\syswow64\PSAPI.DLL
0x6a290000 - 0x6a29c000 	C:\Program Files (x86)\Java\jre1.8.0_121\bin\verify.dll
0x62b80000 - 0x62ba1000 	C:\Program Files (x86)\Java\jre1.8.0_121\bin\java.dll
0x61670000 - 0x6169a000 	C:\Program Files (x86)\Java\jre1.8.0_121\bin\jdwp.dll
0x61660000 - 0x61667000 	C:\Program Files (x86)\Java\jre1.8.0_121\bin\npt.dll
0x652e0000 - 0x652f3000 	C:\Program Files (x86)\Java\jre1.8.0_121\bin\zip.dll
0x75170000 - 0x75dba000 	C:\Windows\syswow64\SHELL32.dll
0x75f20000 - 0x7607c000 	C:\Windows\syswow64\ole32.dll
0x765c0000 - 0x765cb000 	C:\Windows\syswow64\profapi.dll
0x61e00000 - 0x61e08000 	C:\Program Files (x86)\Java\jre1.8.0_121\bin\dt_socket.dll
0x72340000 - 0x72350000 	C:\Windows\system32\NLAapi.dll
0x72330000 - 0x72340000 	C:\Windows\system32\napinsp.dll
0x72310000 - 0x72322000 	C:\Windows\system32\pnrpnsp.dll
0x72da0000 - 0x72ddc000 	C:\Windows\System32\mswsock.dll
0x746c0000 - 0x74704000 	C:\Windows\system32\DNSAPI.dll
0x72300000 - 0x72308000 	C:\Windows\System32\winrnr.dll
0x722f0000 - 0x722fd000 	C:\Windows\system32\wshbth.dll
0x74400000 - 0x7441c000 	C:\Windows\system32\IPHLPAPI.DLL
0x743f0000 - 0x743f7000 	C:\Windows\system32\WINNSI.DLL
0x70f20000 - 0x70f58000 	C:\Windows\System32\fwpuclnt.dll
0x70f60000 - 0x70f66000 	C:\Windows\system32\rasadhlp.dll
0x70f70000 - 0x70f75000 	C:\Windows\System32\wshtcpip.dll
0x5d850000 - 0x5d85a000 	C:\Program Files (x86)\Java\jre1.8.0_121\bin\management.dll
0x652c0000 - 0x652d6000 	C:\Program Files (x86)\Java\jre1.8.0_121\bin\net.dll
0x72d90000 - 0x72d96000 	C:\Windows\System32\wship6.dll
0x6f0b0000 - 0x6f0bf000 	C:\Program Files (x86)\Java\jre1.8.0_121\bin\nio.dll
0x741d0000 - 0x741e6000 	C:\Windows\system32\CRYPTSP.dll
0x74190000 - 0x741cb000 	C:\Windows\system32\rsaenh.dll
0x75130000 - 0x75147000 	C:\Windows\syswow64\USERENV.dll
0x72de0000 - 0x72df2000 	C:\Windows\system32\dhcpcsvc.DLL
0x72d80000 - 0x72d8d000 	C:\Windows\system32\dhcpcsvc6.DLL
0x742d0000 - 0x743bb000 	C:\Windows\system32\dbghelp.dll

VM Arguments:
jvm_args: -agentlib:jdwp=transport=dt_socket,suspend=y,address=localhost:52837 -Dcom.sun.management.jmxremote -Dcom.sun.management.jmxremote.port=52835 -Dcom.sun.management.jmxremote.authenticate=false -Dcom.sun.management.jmxremote.ssl=false -Dspring.liveBeansView.mbeanDomain -Dspring.application.admin.enabled=true -Dfile.encoding=UTF-8 
java_command: br.com.lotto.ProjectLottoApplication --spring.output.ansi.enabled=always
java_class_path (initial): D:\Project_lotto\projetc_lotto\Project_lotto\target\classes;C:\Users\Juliano\.m2\repository\org\springframework\boot\spring-boot-starter-data-jpa\1.5.1.RELEASE\spring-boot-starter-data-jpa-1.5.1.RELEASE.jar;C:\Users\Juliano\.m2\repository\org\springframework\boot\spring-boot-starter\1.5.1.RELEASE\spring-boot-starter-1.5.1.RELEASE.jar;C:\Users\Juliano\.m2\repository\org\springframework\boot\spring-boot-starter-logging\1.5.1.RELEASE\spring-boot-starter-logging-1.5.1.RELEASE.jar;C:\Users\Juliano\.m2\repository\ch\qos\logback\logback-classic\1.1.9\logback-classic-1.1.9.jar;C:\Users\Juliano\.m2\repository\ch\qos\logback\logback-core\1.1.9\logback-core-1.1.9.jar;C:\Users\Juliano\.m2\repository\org\slf4j\jul-to-slf4j\1.7.22\jul-to-slf4j-1.7.22.jar;C:\Users\Juliano\.m2\repository\org\slf4j\log4j-over-slf4j\1.7.22\log4j-over-slf4j-1.7.22.jar;C:\Users\Juliano\.m2\repository\org\yaml\snakeyaml\1.17\snakeyaml-1.17.jar;C:\Users\Juliano\.m2\repository\org\springframework\boot\spring-boot-starter-aop\1.5.1.RELEASE\spring-boot-starter-aop-1.5.1.RELEASE.jar;C:\Users\Juliano\.m2\repository\org\springframework\spring-aop\4.3.6.RELEASE\spring-aop-4.3.6.RELEASE.jar;C:\Users\Juliano\.m2\repository\org\aspectj\aspectjweaver\1.8.9\aspectjweaver-1.8.9.jar;C:\Users\Juliano\.m2\repository\org\springframework\boot\spring-boot-starter-jdbc\1.5.1.RELEASE\spring-boot-starter-jdbc-1.5.1.RELEASE.jar;C:\Users\Juliano\.m2\repository\org\apache\tomcat\tomcat-jdbc\8.5.11\tomcat-jdbc-8.5.11.jar;C:\Users\Juliano\.m2\repository\org\apache\tomcat\tomcat-juli\8.5.11\tomcat-juli-8.5.11.jar;C:\Users\Juliano\.m2\repository\org\springframework\spring-jdbc\4.3.6.RELEASE\spring-jdbc-4.3.6.RELEASE.jar;C:\Users\Juliano\.m2\repository\org\hibernate\hibernate-core\5.0.11.Final\hibernate-core-5.0.11.Final.jar;C:\Users\Juliano\.m2\repository\org\jboss\logging\jboss-logging\3.3.0.Final\jboss-logging-3.3.0.Final.jar;C:\Users\Juliano\.m2\repository\org\hibernate\javax\persistence\hibernate-jpa
Launcher Type: SUN_STANDARD

Environment Variables:
JAVA_HOME=C:\Program Files\Java\jdk1.8.0_112\
CLASSPATH=.;C:\Program Files\Java\jdk1.8.0_112\\lib;C:\Program Files\Java\jdk1.8.0_112\\lib\tools.jar;C:\Program Files\Java\jdk1.8.0_112\\lib\dt.jar;C:\Program Files\Java\jdk1.8.0_112\\lib\htmlconverter.jar;C:\Program Files\Java\jdk1.8.0_112\\jre\lib;C:\Program Files\Java\jdk1.8.0_112\\jre\lib\rt.jar;
PATH=C:/Program Files (x86)/Java/jre1.8.0_121/bin/client;C:/Program Files (x86)/Java/jre1.8.0_121/bin;C:/Program Files (x86)/Java/jre1.8.0_121/lib/i386;C:\ProgramData\Oracle\Java\javapath;C:\Windows\system32;C:\Windows;C:\Windows\System32\Wbem;C:\Windows\System32\WindowsPowerShell\v1.0\;C:\Program Files (x86)\Intel\OpenCL SDK\2.0\bin\x86;C:\Program Files (x86)\Intel\OpenCL SDK\2.0\bin\x64;C:\Program Files\MySQL\MySQL Utilities 1.6\;C:\Program Files\Git\cmd;C:\Program Files\nodejs\;C:\Program Files\Java\jdk1.8.0_112\\bin;C:\Users\Juliano\AppData\Roaming\npm;C:\Program Files (x86)\Microsoft VS Code\bin;C:\Program Files\Java\jdk1.8.0_112\\bin;C:\openssl\bin;D:\sts-bundle\sts-3.8.3.RELEASE;
USERNAME=Juliano
OS=Windows_NT
PROCESSOR_IDENTIFIER=Intel64 Family 6 Model 42 Stepping 7, GenuineIntel



---------------  S Y S T E M  ---------------

OS: Windows 7 , 64 bit Build 7601 (6.1.7601.18015)

CPU:total 4 (2 cores per cpu, 2 threads per core) family 6 model 42 stepping 7, cmov, cx8, fxsr, mmx, sse, sse2, sse3, ssse3, sse4.1, sse4.2, popcnt, avx, clmul, ht, tsc, tscinvbit

Memory: 4k page, physical 4140892k(963404k free), swap 8279920k(4433736k free)

vm_info: Java HotSpot(TM) Client VM (25.121-b13) for windows-x86 JRE (1.8.0_121-b13), built on Dec 12 2016 18:17:00 by "java_re" with MS VC++ 10.0 (VS2010)

time: Mon Feb 27 19:05:04 2017
elapsed time: 861 seconds (0d 0h 14m 21s)

