[2m2022-01-17 14:04:11.672[0;39m [32m INFO[0;39m Starting ProjectOtApplication on ALFA103 with PID 17644 (D:\projetos\projetc_lotto\Project_ottol\target\classes started by juliano.ezequiel in D:\projetos\projetc_lotto\Project_ottol)
[2m2022-01-17 14:04:11.766[0;39m [32mDEBUG[0;39m Running with Spring Boot v2.2.0.RELEASE, Spring v5.2.0.RELEASE
[2m2022-01-17 14:04:11.782[0;39m [32m INFO[0;39m No active profile set, falling back to default profiles: default
[2m2022-01-17 14:04:19.219[0;39m [32m INFO[0;39m Bootstrapping Spring Data repositories in DEFAULT mode.
[2m2022-01-17 14:04:23.922[0;39m [32m INFO[0;39m Finished Spring Data repository scanning in 4705ms. Found 2 repository interfaces.
[2m2022-01-17 14:04:24.281[0;39m [32m INFO[0;39m Bean 'org.springframework.transaction.annotation.ProxyTransactionManagementConfiguration' of type [org.springframework.transaction.annotation.ProxyTransactionManagementConfiguration] is not eligible for getting processed by all BeanPostProcessors (for example: not eligible for auto-proxying)
[2m2022-01-17 14:04:24.875[0;39m [32m INFO[0;39m Tomcat initialized with port(s): 8011 (http)
[2m2022-01-17 14:04:24.906[0;39m [32m INFO[0;39m Starting service [Tomcat]
[2m2022-01-17 14:04:24.906[0;39m [32m INFO[0;39m Starting Servlet engine: [Apache Tomcat/9.0.27]
[2m2022-01-17 14:04:25.125[0;39m [32m INFO[0;39m Initializing Spring embedded WebApplicationContext
[2m2022-01-17 14:04:25.125[0;39m [32m INFO[0;39m Root WebApplicationContext: initialization completed in 9062 ms
[2m2022-01-17 14:04:25.812[0;39m [32m INFO[0;39m HHH000204: Processing PersistenceUnitInfo [name: default]
[2m2022-01-17 14:04:25.906[0;39m [32m INFO[0;39m HHH000412: Hibernate Core {5.4.6.Final}
[2m2022-01-17 14:04:26.156[0;39m [32m INFO[0;39m HCANN000001: Hibernate Commons Annotations {5.1.0.Final}
[2m2022-01-17 14:04:26.390[0;39m [32m INFO[0;39m HikariPool-1 - Starting...
[2m2022-01-17 14:04:29.140[0;39m [32m INFO[0;39m HikariPool-1 - Start completed.
[2m2022-01-17 14:04:29.156[0;39m [32m INFO[0;39m HHH000400: Using dialect: org.hibernate.dialect.MySQL55Dialect
[2m2022-01-17 14:04:30.901[0;39m [32m INFO[0;39m HHH000490: Using JtaPlatform implementation: [org.hibernate.engine.transaction.jta.platform.internal.NoJtaPlatform]
[2m2022-01-17 14:04:31.081[0;39m [32m INFO[0;39m Initialized JPA EntityManagerFactory for persistence unit 'default'
[2m2022-01-17 14:04:35.964[0;39m [33m WARN[0;39m spring.jpa.open-in-view is enabled by default. Therefore, database queries may be performed during view rendering. Explicitly configure spring.jpa.open-in-view to disable this warning
[2m2022-01-17 14:04:36.183[0;39m [32m INFO[0;39m Initializing ExecutorService 'applicationTaskExecutor'
[2m2022-01-17 14:04:37.308[0;39m [32m INFO[0;39m Application shutdown requested.
[2m2022-01-17 14:04:38.776[0;39m [32m INFO[0;39m Tomcat started on port(s): 8011 (http) with context path ''
[2m2022-01-17 14:04:38.776[0;39m [32m INFO[0;39m Started ProjectOtApplication in 31.0 seconds (JVM running for 70.681)
[2m2022-01-17 14:04:38.776[0;39m [32m INFO[0;39m Shutting down ExecutorService 'applicationTaskExecutor'
[2m2022-01-17 14:04:38.776[0;39m [32m INFO[0;39m Closing JPA EntityManagerFactory for persistence unit 'default'
[2m2022-01-17 14:04:38.948[0;39m [32m INFO[0;39m HikariPool-1 - Shutdown initiated...
[2m2022-01-17 14:04:38.948[0;39m [32m INFO[0;39m HikariPool-1 - Shutdown completed.
[2m2022-01-17 14:05:22.235[0;39m [32m INFO[0;39m Starting ProjectOtApplication on ALFA103 with PID 9032 (D:\projetos\projetc_lotto\Project_ottol\target\classes started by juliano.ezequiel in D:\projetos\projetc_lotto\Project_ottol)
[2m2022-01-17 14:05:22.251[0;39m [32mDEBUG[0;39m Running with Spring Boot v2.2.0.RELEASE, Spring v5.2.0.RELEASE
[2m2022-01-17 14:05:22.251[0;39m [32m INFO[0;39m No active profile set, falling back to default profiles: default
[2m2022-01-17 14:05:23.266[0;39m [32m INFO[0;39m Bootstrapping Spring Data repositories in DEFAULT mode.
[2m2022-01-17 14:05:23.416[0;39m [32m INFO[0;39m Finished Spring Data repository scanning in 96ms. Found 2 repository interfaces.
[2m2022-01-17 14:05:23.729[0;39m [32m INFO[0;39m Bean 'org.springframework.transaction.annotation.ProxyTransactionManagementConfiguration' of type [org.springframework.transaction.annotation.ProxyTransactionManagementConfiguration] is not eligible for getting processed by all BeanPostProcessors (for example: not eligible for auto-proxying)
[2m2022-01-17 14:05:24.057[0;39m [32m INFO[0;39m Tomcat initialized with port(s): 8011 (http)
[2m2022-01-17 14:05:24.073[0;39m [32m INFO[0;39m Starting service [Tomcat]
[2m2022-01-17 14:05:24.073[0;39m [32m INFO[0;39m Starting Servlet engine: [Apache Tomcat/9.0.27]
[2m2022-01-17 14:05:24.213[0;39m [32m INFO[0;39m Initializing Spring embedded WebApplicationContext
[2m2022-01-17 14:05:24.213[0;39m [32m INFO[0;39m Root WebApplicationContext: initialization completed in 1665 ms
[2m2022-01-17 14:05:24.448[0;39m [32m INFO[0;39m HHH000204: Processing PersistenceUnitInfo [name: default]
[2m2022-01-17 14:05:24.537[0;39m [32m INFO[0;39m HHH000412: Hibernate Core {5.4.6.Final}
[2m2022-01-17 14:05:24.740[0;39m [32m INFO[0;39m HCANN000001: Hibernate Commons Annotations {5.1.0.Final}
[2m2022-01-17 14:05:24.849[0;39m [32m INFO[0;39m HikariPool-1 - Starting...
[2m2022-01-17 14:05:24.990[0;39m [32m INFO[0;39m HikariPool-1 - Start completed.
[2m2022-01-17 14:05:25.006[0;39m [32m INFO[0;39m HHH000400: Using dialect: org.hibernate.dialect.MySQL55Dialect
[2m2022-01-17 14:05:27.318[0;39m [32m INFO[0;39m HHH000490: Using JtaPlatform implementation: [org.hibernate.engine.transaction.jta.platform.internal.NoJtaPlatform]
[2m2022-01-17 14:05:27.452[0;39m [32m INFO[0;39m Initialized JPA EntityManagerFactory for persistence unit 'default'
[2m2022-01-17 14:05:29.108[0;39m [33m WARN[0;39m spring.jpa.open-in-view is enabled by default. Therefore, database queries may be performed during view rendering. Explicitly configure spring.jpa.open-in-view to disable this warning
[2m2022-01-17 14:05:29.267[0;39m [32m INFO[0;39m Initializing ExecutorService 'applicationTaskExecutor'
[2m2022-01-17 14:05:30.033[0;39m [32m INFO[0;39m Tomcat started on port(s): 8011 (http) with context path ''
[2m2022-01-17 14:05:30.033[0;39m [32m INFO[0;39m Started ProjectOtApplication in 8.086 seconds (JVM running for 9.35)
[2m2022-01-17 14:18:28.607[0;39m [32m INFO[0;39m Application shutdown requested.
[2m2022-01-17 14:18:28.607[0;39m [32m INFO[0;39m Shutting down ExecutorService 'applicationTaskExecutor'
[2m2022-01-17 14:18:28.607[0;39m [32m INFO[0;39m Closing JPA EntityManagerFactory for persistence unit 'default'
[2m2022-01-17 14:18:28.607[0;39m [32m INFO[0;39m HikariPool-1 - Shutdown initiated...
[2m2022-01-17 14:18:28.623[0;39m [32m INFO[0;39m HikariPool-1 - Shutdown completed.
[2m2022-01-17 14:21:27.039[0;39m [32m INFO[0;39m Starting ProjectOtApplication on ALFA103 with PID 14204 (D:\projetos\projetc_lotto\Project_ottol\target\classes started by juliano.ezequiel in D:\projetos\projetc_lotto\Project_ottol)
[2m2022-01-17 14:21:27.055[0;39m [32mDEBUG[0;39m Running with Spring Boot v2.2.0.RELEASE, Spring v5.2.0.RELEASE
[2m2022-01-17 14:21:27.055[0;39m [32m INFO[0;39m No active profile set, falling back to default profiles: default
[2m2022-01-17 14:21:27.961[0;39m [32m INFO[0;39m Bootstrapping Spring Data repositories in DEFAULT mode.
[2m2022-01-17 14:21:28.070[0;39m [32m INFO[0;39m Finished Spring Data repository scanning in 96ms. Found 2 repository interfaces.
[2m2022-01-17 14:21:28.370[0;39m [32m INFO[0;39m Bean 'org.springframework.transaction.annotation.ProxyTransactionManagementConfiguration' of type [org.springframework.transaction.annotation.ProxyTransactionManagementConfiguration] is not eligible for getting processed by all BeanPostProcessors (for example: not eligible for auto-proxying)
[2m2022-01-17 14:21:28.698[0;39m [32m INFO[0;39m Tomcat initialized with port(s): 8011 (http)
[2m2022-01-17 14:21:28.698[0;39m [32m INFO[0;39m Starting service [Tomcat]
[2m2022-01-17 14:21:28.698[0;39m [32m INFO[0;39m Starting Servlet engine: [Apache Tomcat/9.0.27]
[2m2022-01-17 14:21:28.839[0;39m [32m INFO[0;39m Initializing Spring embedded WebApplicationContext
[2m2022-01-17 14:21:28.839[0;39m [32m INFO[0;39m Root WebApplicationContext: initialization completed in 1535 ms
[2m2022-01-17 14:21:29.089[0;39m [32m INFO[0;39m HHH000204: Processing PersistenceUnitInfo [name: default]
[2m2022-01-17 14:21:29.155[0;39m [32m INFO[0;39m HHH000412: Hibernate Core {5.4.6.Final}
[2m2022-01-17 14:21:29.311[0;39m [32m INFO[0;39m HCANN000001: Hibernate Commons Annotations {5.1.0.Final}
[2m2022-01-17 14:21:29.405[0;39m [32m INFO[0;39m HikariPool-1 - Starting...
[2m2022-01-17 14:21:29.546[0;39m [32m INFO[0;39m HikariPool-1 - Start completed.
[2m2022-01-17 14:21:29.561[0;39m [32m INFO[0;39m HHH000400: Using dialect: org.hibernate.dialect.MySQL55Dialect
[2m2022-01-17 14:21:31.999[0;39m [32m INFO[0;39m HHH000490: Using JtaPlatform implementation: [org.hibernate.engine.transaction.jta.platform.internal.NoJtaPlatform]
[2m2022-01-17 14:21:32.116[0;39m [32m INFO[0;39m Initialized JPA EntityManagerFactory for persistence unit 'default'
[2m2022-01-17 14:21:33.741[0;39m [33m WARN[0;39m spring.jpa.open-in-view is enabled by default. Therefore, database queries may be performed during view rendering. Explicitly configure spring.jpa.open-in-view to disable this warning
[2m2022-01-17 14:21:33.914[0;39m [32m INFO[0;39m Initializing ExecutorService 'applicationTaskExecutor'
[2m2022-01-17 14:21:34.695[0;39m [32m INFO[0;39m Tomcat started on port(s): 8011 (http) with context path ''
[2m2022-01-17 14:21:34.695[0;39m [32m INFO[0;39m Started ProjectOtApplication in 7.936 seconds (JVM running for 9.111)
