[2m2022-04-06 13:16:23.787[0;39m [32m INFO[0;39m Starting ProjectOtApplication on ALFA103 with PID 15048 (D:\projetos\projetc_lotto\Project_ottol\target\classes started by juliano.ezequiel in D:\projetos\projetc_lotto\Project_ottol)
[2m2022-04-06 13:16:23.825[0;39m [32mDEBUG[0;39m Running with Spring Boot v2.2.0.RELEASE, Spring v5.2.0.RELEASE
[2m2022-04-06 13:16:23.826[0;39m [32m INFO[0;39m No active profile set, falling back to default profiles: default
[2m2022-04-06 13:16:24.751[0;39m [32m INFO[0;39m Bootstrapping Spring Data repositories in DEFAULT mode.
[2m2022-04-06 13:16:24.833[0;39m [32m INFO[0;39m Finished Spring Data repository scanning in 73ms. Found 2 repository interfaces.
[2m2022-04-06 13:16:25.213[0;39m [32m INFO[0;39m Bean 'org.springframework.transaction.annotation.ProxyTransactionManagementConfiguration' of type [org.springframework.transaction.annotation.ProxyTransactionManagementConfiguration] is not eligible for getting processed by all BeanPostProcessors (for example: not eligible for auto-proxying)
[2m2022-04-06 13:16:25.563[0;39m [32m INFO[0;39m Tomcat initialized with port(s): 8011 (http)
[2m2022-04-06 13:16:25.574[0;39m [32m INFO[0;39m Starting service [Tomcat]
[2m2022-04-06 13:16:25.575[0;39m [32m INFO[0;39m Starting Servlet engine: [Apache Tomcat/9.0.27]
[2m2022-04-06 13:16:25.718[0;39m [32m INFO[0;39m Initializing Spring embedded WebApplicationContext
[2m2022-04-06 13:16:25.718[0;39m [32m INFO[0;39m Root WebApplicationContext: initialization completed in 1657 ms
[2m2022-04-06 13:16:25.966[0;39m [32m INFO[0;39m HHH000204: Processing PersistenceUnitInfo [name: default]
[2m2022-04-06 13:16:26.054[0;39m [32m INFO[0;39m HHH000412: Hibernate Core {5.4.6.Final}
[2m2022-04-06 13:16:26.222[0;39m [32m INFO[0;39m HCANN000001: Hibernate Commons Annotations {5.1.0.Final}
[2m2022-04-06 13:16:26.325[0;39m [32m INFO[0;39m HikariPool-1 - Starting...
[2m2022-04-06 13:16:26.470[0;39m [32m INFO[0;39m HikariPool-1 - Start completed.
[2m2022-04-06 13:16:26.488[0;39m [32m INFO[0;39m HHH000400: Using dialect: org.hibernate.dialect.MySQL55Dialect
[2m2022-04-06 13:16:28.916[0;39m [32m INFO[0;39m HHH000490: Using JtaPlatform implementation: [org.hibernate.engine.transaction.jta.platform.internal.NoJtaPlatform]
[2m2022-04-06 13:16:29.050[0;39m [32m INFO[0;39m Initialized JPA EntityManagerFactory for persistence unit 'default'
[2m2022-04-06 13:16:30.504[0;39m [33m WARN[0;39m spring.jpa.open-in-view is enabled by default. Therefore, database queries may be performed during view rendering. Explicitly configure spring.jpa.open-in-view to disable this warning
[2m2022-04-06 13:16:30.664[0;39m [32m INFO[0;39m Initializing ExecutorService 'applicationTaskExecutor'
[2m2022-04-06 13:16:31.092[0;39m [33m WARN[0;39m Exception encountered during context initialization - cancelling refresh attempt: org.springframework.beans.factory.BeanCreationException: Error creating bean with name 'groovyMarkupConfigurer' defined in class path resource [org/springframework/boot/autoconfigure/groovy/template/GroovyTemplateAutoConfiguration$GroovyMarkupConfiguration.class]: Invocation of init method failed; nested exception is java.lang.reflect.InaccessibleObjectException: Unable to make private java.lang.Class(java.lang.ClassLoader,java.lang.Class) accessible: module java.base does not "opens java.lang" to unnamed module @5136d012
[2m2022-04-06 13:16:31.093[0;39m [32m INFO[0;39m Shutting down ExecutorService 'applicationTaskExecutor'
[2m2022-04-06 13:16:31.097[0;39m [32m INFO[0;39m Closing JPA EntityManagerFactory for persistence unit 'default'
[2m2022-04-06 13:16:31.099[0;39m [32m INFO[0;39m HikariPool-1 - Shutdown initiated...
[2m2022-04-06 13:16:31.108[0;39m [32m INFO[0;39m HikariPool-1 - Shutdown completed.
[2m2022-04-06 13:16:31.110[0;39m [32m INFO[0;39m Stopping service [Tomcat]
[2m2022-04-06 13:16:31.118[0;39m [32m INFO[0;39m 

Error starting ApplicationContext. To display the conditions report re-run your application with 'debug' enabled.
[2m2022-04-06 13:16:31.119[0;39m [31mERROR[0;39m Application run failed

org.springframework.beans.factory.BeanCreationException: Error creating bean with name 'groovyMarkupConfigurer' defined in class path resource [org/springframework/boot/autoconfigure/groovy/template/GroovyTemplateAutoConfiguration$GroovyMarkupConfiguration.class]: Invocation of init method failed; nested exception is java.lang.reflect.InaccessibleObjectException: Unable to make private java.lang.Class(java.lang.ClassLoader,java.lang.Class) accessible: module java.base does not "opens java.lang" to unnamed module @5136d012
	at org.springframework.beans.factory.support.AbstractAutowireCapableBeanFactory.initializeBean(AbstractAutowireCapableBeanFactory.java:1803) ~[spring-beans-5.2.0.RELEASE.jar:5.2.0.RELEASE]
	at org.springframework.beans.factory.support.AbstractAutowireCapableBeanFactory.doCreateBean(AbstractAutowireCapableBeanFactory.java:595) ~[spring-beans-5.2.0.RELEASE.jar:5.2.0.RELEASE]
	at org.springframework.beans.factory.support.AbstractAutowireCapableBeanFactory.createBean(AbstractAutowireCapableBeanFactory.java:517) ~[spring-beans-5.2.0.RELEASE.jar:5.2.0.RELEASE]
	at org.springframework.beans.factory.support.AbstractBeanFactory.lambda$doGetBean$0(AbstractBeanFactory.java:323) ~[spring-beans-5.2.0.RELEASE.jar:5.2.0.RELEASE]
	at org.springframework.beans.factory.support.DefaultSingletonBeanRegistry.getSingleton(DefaultSingletonBeanRegistry.java:222) ~[spring-beans-5.2.0.RELEASE.jar:5.2.0.RELEASE]
	at org.springframework.beans.factory.support.AbstractBeanFactory.doGetBean(AbstractBeanFactory.java:321) ~[spring-beans-5.2.0.RELEASE.jar:5.2.0.RELEASE]
	at org.springframework.beans.factory.support.AbstractBeanFactory.getBean(AbstractBeanFactory.java:202) ~[spring-beans-5.2.0.RELEASE.jar:5.2.0.RELEASE]
	at org.springframework.beans.factory.support.DefaultListableBeanFactory.preInstantiateSingletons(DefaultListableBeanFactory.java:879) ~[spring-beans-5.2.0.RELEASE.jar:5.2.0.RELEASE]
	at org.springframework.context.support.AbstractApplicationContext.finishBeanFactoryInitialization(AbstractApplicationContext.java:878) ~[spring-context-5.2.0.RELEASE.jar:5.2.0.RELEASE]
	at org.springframework.context.support.AbstractApplicationContext.refresh(AbstractApplicationContext.java:550) ~[spring-context-5.2.0.RELEASE.jar:5.2.0.RELEASE]
	at org.springframework.boot.web.servlet.context.ServletWebServerApplicationContext.refresh(ServletWebServerApplicationContext.java:141) ~[spring-boot-2.2.0.RELEASE.jar:2.2.0.RELEASE]
	at org.springframework.boot.SpringApplication.refresh(SpringApplication.java:747) [spring-boot-2.2.0.RELEASE.jar:2.2.0.RELEASE]
	at org.springframework.boot.SpringApplication.refreshContext(SpringApplication.java:397) [spring-boot-2.2.0.RELEASE.jar:2.2.0.RELEASE]
	at org.springframework.boot.SpringApplication.run(SpringApplication.java:315) [spring-boot-2.2.0.RELEASE.jar:2.2.0.RELEASE]
	at org.springframework.boot.SpringApplication.run(SpringApplication.java:1226) [spring-boot-2.2.0.RELEASE.jar:2.2.0.RELEASE]
	at org.springframework.boot.SpringApplication.run(SpringApplication.java:1215) [spring-boot-2.2.0.RELEASE.jar:2.2.0.RELEASE]
	at br.com.ot.ProjectOtApplication.main(ProjectOtApplication.java:10) [classes/:?]
Caused by: java.lang.reflect.InaccessibleObjectException: Unable to make private java.lang.Class(java.lang.ClassLoader,java.lang.Class) accessible: module java.base does not "opens java.lang" to unnamed module @5136d012
	at java.lang.reflect.AccessibleObject.checkCanSetAccessible(AccessibleObject.java:354) ~[?:?]
	at java.lang.reflect.AccessibleObject.checkCanSetAccessible(AccessibleObject.java:297) ~[?:?]
	at java.lang.reflect.Constructor.checkCanSetAccessible(Constructor.java:188) ~[?:?]
	at java.lang.reflect.Constructor.setAccessible(Constructor.java:181) ~[?:?]
	at org.codehaus.groovy.reflection.CachedConstructor$1.run(CachedConstructor.java:41) ~[groovy-all-2.4.1.jar:2.4.1]
	at java.security.AccessController.doPrivileged(AccessController.java:318) ~[?:?]
	at org.codehaus.groovy.reflection.CachedConstructor.<init>(CachedConstructor.java:39) ~[groovy-all-2.4.1.jar:2.4.1]
	at org.codehaus.groovy.reflection.CachedClass$2.initValue(CachedClass.java:76) ~[groovy-all-2.4.1.jar:2.4.1]
	at org.codehaus.groovy.reflection.CachedClass$2.initValue(CachedClass.java:66) ~[groovy-all-2.4.1.jar:2.4.1]
	at org.codehaus.groovy.util.LazyReference.getLocked(LazyReference.java:46) ~[groovy-all-2.4.1.jar:2.4.1]
	at org.codehaus.groovy.util.LazyReference.get(LazyReference.java:33) ~[groovy-all-2.4.1.jar:2.4.1]
	at org.codehaus.groovy.reflection.CachedClass.getConstructors(CachedClass.java:265) ~[groovy-all-2.4.1.jar:2.4.1]
	at groovy.lang.MetaClassImpl.<init>(MetaClassImpl.java:215) ~[groovy-all-2.4.1.jar:2.4.1]
	at groovy.lang.MetaClassImpl.<init>(MetaClassImpl.java:225) ~[groovy-all-2.4.1.jar:2.4.1]
	at groovy.lang.MetaClassRegistry$MetaClassCreationHandle.createNormalMetaClass(MetaClassRegistry.java:168) ~[groovy-all-2.4.1.jar:2.4.1]
	at groovy.lang.MetaClassRegistry$MetaClassCreationHandle.createWithCustomLookup(MetaClassRegistry.java:158) ~[groovy-all-2.4.1.jar:2.4.1]
	at groovy.lang.MetaClassRegistry$MetaClassCreationHandle.create(MetaClassRegistry.java:141) ~[groovy-all-2.4.1.jar:2.4.1]
	at org.codehaus.groovy.reflection.ClassInfo.getMetaClassUnderLock(ClassInfo.java:250) ~[groovy-all-2.4.1.jar:2.4.1]
	at org.codehaus.groovy.reflection.ClassInfo.getMetaClass(ClassInfo.java:282) ~[groovy-all-2.4.1.jar:2.4.1]
	at org.codehaus.groovy.runtime.metaclass.MetaClassRegistryImpl.getMetaClass(MetaClassRegistryImpl.java:255) ~[groovy-all-2.4.1.jar:2.4.1]
	at groovy.lang.MetaClassImpl.getProperty(MetaClassImpl.java:1826) ~[groovy-all-2.4.1.jar:2.4.1]
	at groovy.lang.MetaClassImpl.getProperty(MetaClassImpl.java:3734) ~[groovy-all-2.4.1.jar:2.4.1]
	at org.codehaus.groovy.runtime.callsite.ClassMetaClassGetPropertySite.getProperty(ClassMetaClassGetPropertySite.java:48) ~[groovy-all-2.4.1.jar:2.4.1]
	at org.codehaus.groovy.runtime.callsite.AbstractCallSite.callGetProperty(AbstractCallSite.java:293) ~[groovy-all-2.4.1.jar:2.4.1]
	at org.codehaus.groovy.control.customizers.ASTTransformationCustomizer.<init>(ASTTransformationCustomizer.groovy:186) ~[groovy-all-2.4.1.jar:2.4.1]
	at groovy.text.markup.MarkupTemplateEngine.<init>(MarkupTemplateEngine.java:91) ~[groovy-all-2.4.1.jar:2.4.1]
	at org.springframework.web.servlet.view.groovy.GroovyMarkupConfigurer.createTemplateEngine(GroovyMarkupConfigurer.java:160) ~[spring-webmvc-5.2.0.RELEASE.jar:5.2.0.RELEASE]
	at org.springframework.web.servlet.view.groovy.GroovyMarkupConfigurer.afterPropertiesSet(GroovyMarkupConfigurer.java:153) ~[spring-webmvc-5.2.0.RELEASE.jar:5.2.0.RELEASE]
	at org.springframework.beans.factory.support.AbstractAutowireCapableBeanFactory.invokeInitMethods(AbstractAutowireCapableBeanFactory.java:1862) ~[spring-beans-5.2.0.RELEASE.jar:5.2.0.RELEASE]
	at org.springframework.beans.factory.support.AbstractAutowireCapableBeanFactory.initializeBean(AbstractAutowireCapableBeanFactory.java:1799) ~[spring-beans-5.2.0.RELEASE.jar:5.2.0.RELEASE]
	... 16 more

[2m2022-04-06 13:21:19.422[0;39m [32m INFO[0;39m Starting ProjectOtApplication on ALFA103 with PID 8408 (D:\projetos\projetc_lotto\Project_ottol\target\classes started by juliano.ezequiel in D:\projetos\projetc_lotto\Project_ottol)
[2m2022-04-06 13:21:19.431[0;39m [32mDEBUG[0;39m Running with Spring Boot v2.2.0.RELEASE, Spring v5.2.0.RELEASE
[2m2022-04-06 13:21:19.432[0;39m [32m INFO[0;39m No active profile set, falling back to default profiles: default
[2m2022-04-06 13:21:20.368[0;39m [32m INFO[0;39m Bootstrapping Spring Data repositories in DEFAULT mode.
[2m2022-04-06 13:21:20.451[0;39m [32m INFO[0;39m Finished Spring Data repository scanning in 74ms. Found 2 repository interfaces.
[2m2022-04-06 13:21:20.826[0;39m [32m INFO[0;39m Bean 'org.springframework.transaction.annotation.ProxyTransactionManagementConfiguration' of type [org.springframework.transaction.annotation.ProxyTransactionManagementConfiguration] is not eligible for getting processed by all BeanPostProcessors (for example: not eligible for auto-proxying)
[2m2022-04-06 13:21:21.128[0;39m [32m INFO[0;39m Tomcat initialized with port(s): 8011 (http)
[2m2022-04-06 13:21:21.139[0;39m [32m INFO[0;39m Starting service [Tomcat]
[2m2022-04-06 13:21:21.139[0;39m [32m INFO[0;39m Starting Servlet engine: [Apache Tomcat/9.0.27]
[2m2022-04-06 13:21:21.280[0;39m [32m INFO[0;39m Initializing Spring embedded WebApplicationContext
[2m2022-04-06 13:21:21.280[0;39m [32m INFO[0;39m Root WebApplicationContext: initialization completed in 1582 ms
[2m2022-04-06 13:21:21.520[0;39m [32m INFO[0;39m HHH000204: Processing PersistenceUnitInfo [name: default]
[2m2022-04-06 13:21:21.591[0;39m [32m INFO[0;39m HHH000412: Hibernate Core {5.4.6.Final}
[2m2022-04-06 13:21:21.746[0;39m [32m INFO[0;39m HCANN000001: Hibernate Commons Annotations {5.1.0.Final}
[2m2022-04-06 13:21:21.845[0;39m [32m INFO[0;39m HikariPool-1 - Starting...
[2m2022-04-06 13:21:21.991[0;39m [32m INFO[0;39m HikariPool-1 - Start completed.
[2m2022-04-06 13:21:22.010[0;39m [32m INFO[0;39m HHH000400: Using dialect: org.hibernate.dialect.MySQL55Dialect
[2m2022-04-06 13:21:22.954[0;39m [32m INFO[0;39m HHH000490: Using JtaPlatform implementation: [org.hibernate.engine.transaction.jta.platform.internal.NoJtaPlatform]
[2m2022-04-06 13:21:23.094[0;39m [32m INFO[0;39m Initialized JPA EntityManagerFactory for persistence unit 'default'
[2m2022-04-06 13:21:24.525[0;39m [33m WARN[0;39m spring.jpa.open-in-view is enabled by default. Therefore, database queries may be performed during view rendering. Explicitly configure spring.jpa.open-in-view to disable this warning
[2m2022-04-06 13:21:24.670[0;39m [32m INFO[0;39m Initializing ExecutorService 'applicationTaskExecutor'
[2m2022-04-06 13:21:25.135[0;39m [33m WARN[0;39m Exception encountered during context initialization - cancelling refresh attempt: org.springframework.beans.factory.BeanCreationException: Error creating bean with name 'groovyMarkupConfigurer' defined in class path resource [org/springframework/boot/autoconfigure/groovy/template/GroovyTemplateAutoConfiguration$GroovyMarkupConfiguration.class]: Invocation of init method failed; nested exception is java.lang.reflect.InaccessibleObjectException: Unable to make private java.lang.Class(java.lang.ClassLoader,java.lang.Class) accessible: module java.base does not "opens java.lang" to unnamed module @4f020ed9
[2m2022-04-06 13:21:25.136[0;39m [32m INFO[0;39m Shutting down ExecutorService 'applicationTaskExecutor'
[2m2022-04-06 13:21:25.140[0;39m [32m INFO[0;39m Closing JPA EntityManagerFactory for persistence unit 'default'
[2m2022-04-06 13:21:25.143[0;39m [32m INFO[0;39m HikariPool-1 - Shutdown initiated...
[2m2022-04-06 13:21:25.152[0;39m [32m INFO[0;39m HikariPool-1 - Shutdown completed.
[2m2022-04-06 13:21:25.155[0;39m [32m INFO[0;39m Stopping service [Tomcat]
[2m2022-04-06 13:21:25.164[0;39m [32m INFO[0;39m 

Error starting ApplicationContext. To display the conditions report re-run your application with 'debug' enabled.
[2m2022-04-06 13:21:25.165[0;39m [31mERROR[0;39m Application run failed

org.springframework.beans.factory.BeanCreationException: Error creating bean with name 'groovyMarkupConfigurer' defined in class path resource [org/springframework/boot/autoconfigure/groovy/template/GroovyTemplateAutoConfiguration$GroovyMarkupConfiguration.class]: Invocation of init method failed; nested exception is java.lang.reflect.InaccessibleObjectException: Unable to make private java.lang.Class(java.lang.ClassLoader,java.lang.Class) accessible: module java.base does not "opens java.lang" to unnamed module @4f020ed9
	at org.springframework.beans.factory.support.AbstractAutowireCapableBeanFactory.initializeBean(AbstractAutowireCapableBeanFactory.java:1803) ~[spring-beans-5.2.0.RELEASE.jar:5.2.0.RELEASE]
	at org.springframework.beans.factory.support.AbstractAutowireCapableBeanFactory.doCreateBean(AbstractAutowireCapableBeanFactory.java:595) ~[spring-beans-5.2.0.RELEASE.jar:5.2.0.RELEASE]
	at org.springframework.beans.factory.support.AbstractAutowireCapableBeanFactory.createBean(AbstractAutowireCapableBeanFactory.java:517) ~[spring-beans-5.2.0.RELEASE.jar:5.2.0.RELEASE]
	at org.springframework.beans.factory.support.AbstractBeanFactory.lambda$doGetBean$0(AbstractBeanFactory.java:323) ~[spring-beans-5.2.0.RELEASE.jar:5.2.0.RELEASE]
	at org.springframework.beans.factory.support.DefaultSingletonBeanRegistry.getSingleton(DefaultSingletonBeanRegistry.java:222) ~[spring-beans-5.2.0.RELEASE.jar:5.2.0.RELEASE]
	at org.springframework.beans.factory.support.AbstractBeanFactory.doGetBean(AbstractBeanFactory.java:321) ~[spring-beans-5.2.0.RELEASE.jar:5.2.0.RELEASE]
	at org.springframework.beans.factory.support.AbstractBeanFactory.getBean(AbstractBeanFactory.java:202) ~[spring-beans-5.2.0.RELEASE.jar:5.2.0.RELEASE]
	at org.springframework.beans.factory.support.DefaultListableBeanFactory.preInstantiateSingletons(DefaultListableBeanFactory.java:879) ~[spring-beans-5.2.0.RELEASE.jar:5.2.0.RELEASE]
	at org.springframework.context.support.AbstractApplicationContext.finishBeanFactoryInitialization(AbstractApplicationContext.java:878) ~[spring-context-5.2.0.RELEASE.jar:5.2.0.RELEASE]
	at org.springframework.context.support.AbstractApplicationContext.refresh(AbstractApplicationContext.java:550) ~[spring-context-5.2.0.RELEASE.jar:5.2.0.RELEASE]
	at org.springframework.boot.web.servlet.context.ServletWebServerApplicationContext.refresh(ServletWebServerApplicationContext.java:141) ~[spring-boot-2.2.0.RELEASE.jar:2.2.0.RELEASE]
	at org.springframework.boot.SpringApplication.refresh(SpringApplication.java:747) [spring-boot-2.2.0.RELEASE.jar:2.2.0.RELEASE]
	at org.springframework.boot.SpringApplication.refreshContext(SpringApplication.java:397) [spring-boot-2.2.0.RELEASE.jar:2.2.0.RELEASE]
	at org.springframework.boot.SpringApplication.run(SpringApplication.java:315) [spring-boot-2.2.0.RELEASE.jar:2.2.0.RELEASE]
	at org.springframework.boot.SpringApplication.run(SpringApplication.java:1226) [spring-boot-2.2.0.RELEASE.jar:2.2.0.RELEASE]
	at org.springframework.boot.SpringApplication.run(SpringApplication.java:1215) [spring-boot-2.2.0.RELEASE.jar:2.2.0.RELEASE]
	at br.com.ot.ProjectOtApplication.main(ProjectOtApplication.java:10) [classes/:?]
Caused by: java.lang.reflect.InaccessibleObjectException: Unable to make private java.lang.Class(java.lang.ClassLoader,java.lang.Class) accessible: module java.base does not "opens java.lang" to unnamed module @4f020ed9
	at java.lang.reflect.AccessibleObject.checkCanSetAccessible(AccessibleObject.java:354) ~[?:?]
	at java.lang.reflect.AccessibleObject.checkCanSetAccessible(AccessibleObject.java:297) ~[?:?]
	at java.lang.reflect.Constructor.checkCanSetAccessible(Constructor.java:188) ~[?:?]
	at java.lang.reflect.Constructor.setAccessible(Constructor.java:181) ~[?:?]
	at org.codehaus.groovy.reflection.CachedConstructor$1.run(CachedConstructor.java:41) ~[groovy-all-2.4.1.jar:2.4.1]
	at java.security.AccessController.doPrivileged(AccessController.java:318) ~[?:?]
	at org.codehaus.groovy.reflection.CachedConstructor.<init>(CachedConstructor.java:39) ~[groovy-all-2.4.1.jar:2.4.1]
	at org.codehaus.groovy.reflection.CachedClass$2.initValue(CachedClass.java:76) ~[groovy-all-2.4.1.jar:2.4.1]
	at org.codehaus.groovy.reflection.CachedClass$2.initValue(CachedClass.java:66) ~[groovy-all-2.4.1.jar:2.4.1]
	at org.codehaus.groovy.util.LazyReference.getLocked(LazyReference.java:46) ~[groovy-all-2.4.1.jar:2.4.1]
	at org.codehaus.groovy.util.LazyReference.get(LazyReference.java:33) ~[groovy-all-2.4.1.jar:2.4.1]
	at org.codehaus.groovy.reflection.CachedClass.getConstructors(CachedClass.java:265) ~[groovy-all-2.4.1.jar:2.4.1]
	at groovy.lang.MetaClassImpl.<init>(MetaClassImpl.java:215) ~[groovy-all-2.4.1.jar:2.4.1]
	at groovy.lang.MetaClassImpl.<init>(MetaClassImpl.java:225) ~[groovy-all-2.4.1.jar:2.4.1]
	at groovy.lang.MetaClassRegistry$MetaClassCreationHandle.createNormalMetaClass(MetaClassRegistry.java:168) ~[groovy-all-2.4.1.jar:2.4.1]
	at groovy.lang.MetaClassRegistry$MetaClassCreationHandle.createWithCustomLookup(MetaClassRegistry.java:158) ~[groovy-all-2.4.1.jar:2.4.1]
	at groovy.lang.MetaClassRegistry$MetaClassCreationHandle.create(MetaClassRegistry.java:141) ~[groovy-all-2.4.1.jar:2.4.1]
	at org.codehaus.groovy.reflection.ClassInfo.getMetaClassUnderLock(ClassInfo.java:250) ~[groovy-all-2.4.1.jar:2.4.1]
	at org.codehaus.groovy.reflection.ClassInfo.getMetaClass(ClassInfo.java:282) ~[groovy-all-2.4.1.jar:2.4.1]
	at org.codehaus.groovy.runtime.metaclass.MetaClassRegistryImpl.getMetaClass(MetaClassRegistryImpl.java:255) ~[groovy-all-2.4.1.jar:2.4.1]
	at groovy.lang.MetaClassImpl.getProperty(MetaClassImpl.java:1826) ~[groovy-all-2.4.1.jar:2.4.1]
	at groovy.lang.MetaClassImpl.getProperty(MetaClassImpl.java:3734) ~[groovy-all-2.4.1.jar:2.4.1]
	at org.codehaus.groovy.runtime.callsite.ClassMetaClassGetPropertySite.getProperty(ClassMetaClassGetPropertySite.java:48) ~[groovy-all-2.4.1.jar:2.4.1]
	at org.codehaus.groovy.runtime.callsite.AbstractCallSite.callGetProperty(AbstractCallSite.java:293) ~[groovy-all-2.4.1.jar:2.4.1]
	at org.codehaus.groovy.control.customizers.ASTTransformationCustomizer.<init>(ASTTransformationCustomizer.groovy:186) ~[groovy-all-2.4.1.jar:2.4.1]
	at groovy.text.markup.MarkupTemplateEngine.<init>(MarkupTemplateEngine.java:91) ~[groovy-all-2.4.1.jar:2.4.1]
	at org.springframework.web.servlet.view.groovy.GroovyMarkupConfigurer.createTemplateEngine(GroovyMarkupConfigurer.java:160) ~[spring-webmvc-5.2.0.RELEASE.jar:5.2.0.RELEASE]
	at org.springframework.web.servlet.view.groovy.GroovyMarkupConfigurer.afterPropertiesSet(GroovyMarkupConfigurer.java:153) ~[spring-webmvc-5.2.0.RELEASE.jar:5.2.0.RELEASE]
	at org.springframework.beans.factory.support.AbstractAutowireCapableBeanFactory.invokeInitMethods(AbstractAutowireCapableBeanFactory.java:1862) ~[spring-beans-5.2.0.RELEASE.jar:5.2.0.RELEASE]
	at org.springframework.beans.factory.support.AbstractAutowireCapableBeanFactory.initializeBean(AbstractAutowireCapableBeanFactory.java:1799) ~[spring-beans-5.2.0.RELEASE.jar:5.2.0.RELEASE]
	... 16 more

[2m2022-04-06 13:24:30.263[0;39m [32m INFO[0;39m Starting ProjectOtApplication using Java 17.0.2 on ALFA103 with PID 14632 (D:\projetos\projetc_lotto\Project_ottol\target\classes started by juliano.ezequiel in D:\projetos\projetc_lotto\Project_ottol)
[2m2022-04-06 13:24:30.272[0;39m [32mDEBUG[0;39m Running with Spring Boot v2.6.1, Spring v5.3.13
[2m2022-04-06 13:24:30.273[0;39m [32m INFO[0;39m No active profile set, falling back to default profiles: default
[2m2022-04-06 13:24:31.083[0;39m [32m INFO[0;39m Bootstrapping Spring Data JPA repositories in DEFAULT mode.
[2m2022-04-06 13:24:31.160[0;39m [32m INFO[0;39m Finished Spring Data repository scanning in 64 ms. Found 2 JPA repository interfaces.
[2m2022-04-06 13:24:31.742[0;39m [32m INFO[0;39m Tomcat initialized with port(s): 8011 (http)
[2m2022-04-06 13:24:31.755[0;39m [32m INFO[0;39m Starting service [Tomcat]
[2m2022-04-06 13:24:31.755[0;39m [32m INFO[0;39m Starting Servlet engine: [Apache Tomcat/9.0.55]
[2m2022-04-06 13:24:31.905[0;39m [32m INFO[0;39m Initializing Spring embedded WebApplicationContext
[2m2022-04-06 13:24:31.906[0;39m [32m INFO[0;39m Root WebApplicationContext: initialization completed in 1397 ms
[2m2022-04-06 13:24:32.075[0;39m [32m INFO[0;39m HHH000204: Processing PersistenceUnitInfo [name: default]
[2m2022-04-06 13:24:32.132[0;39m [32m INFO[0;39m HHH000412: Hibernate ORM core version 5.6.1.Final
[2m2022-04-06 13:24:32.324[0;39m [32m INFO[0;39m HCANN000001: Hibernate Commons Annotations {5.1.2.Final}
[2m2022-04-06 13:24:32.440[0;39m [32m INFO[0;39m HikariPool-1 - Starting...
[2m2022-04-06 13:24:32.607[0;39m [32m INFO[0;39m HikariPool-1 - Start completed.
[2m2022-04-06 13:24:32.627[0;39m [32m INFO[0;39m HHH000400: Using dialect: org.hibernate.dialect.MySQL55Dialect
[2m2022-04-06 13:24:33.524[0;39m [32m INFO[0;39m HHH000490: Using JtaPlatform implementation: [org.hibernate.engine.transaction.jta.platform.internal.NoJtaPlatform]
[2m2022-04-06 13:24:33.662[0;39m [32m INFO[0;39m Initialized JPA EntityManagerFactory for persistence unit 'default'
[2m2022-04-06 13:24:34.664[0;39m [33m WARN[0;39m spring.jpa.open-in-view is enabled by default. Therefore, database queries may be performed during view rendering. Explicitly configure spring.jpa.open-in-view to disable this warning
[2m2022-04-06 13:24:35.127[0;39m [33m WARN[0;39m Exception encountered during context initialization - cancelling refresh attempt: org.springframework.beans.factory.BeanCreationException: Error creating bean with name 'groovyMarkupConfigurer' defined in class path resource [org/springframework/boot/autoconfigure/groovy/template/GroovyTemplateAutoConfiguration$GroovyMarkupConfiguration.class]: Invocation of init method failed; nested exception is java.lang.reflect.InaccessibleObjectException: Unable to make private java.lang.Class(java.lang.ClassLoader,java.lang.Class) accessible: module java.base does not "opens java.lang" to unnamed module @394a2528
[2m2022-04-06 13:24:35.132[0;39m [32m INFO[0;39m Closing JPA EntityManagerFactory for persistence unit 'default'
[2m2022-04-06 13:24:35.134[0;39m [32m INFO[0;39m HikariPool-1 - Shutdown initiated...
[2m2022-04-06 13:24:35.142[0;39m [32m INFO[0;39m HikariPool-1 - Shutdown completed.
[2m2022-04-06 13:24:35.144[0;39m [32m INFO[0;39m Stopping service [Tomcat]
[2m2022-04-06 13:24:35.153[0;39m [32m INFO[0;39m 

Error starting ApplicationContext. To display the conditions report re-run your application with 'debug' enabled.
[2m2022-04-06 13:24:35.171[0;39m [31mERROR[0;39m Application run failed

org.springframework.beans.factory.BeanCreationException: Error creating bean with name 'groovyMarkupConfigurer' defined in class path resource [org/springframework/boot/autoconfigure/groovy/template/GroovyTemplateAutoConfiguration$GroovyMarkupConfiguration.class]: Invocation of init method failed; nested exception is java.lang.reflect.InaccessibleObjectException: Unable to make private java.lang.Class(java.lang.ClassLoader,java.lang.Class) accessible: module java.base does not "opens java.lang" to unnamed module @394a2528
	at org.springframework.beans.factory.support.AbstractAutowireCapableBeanFactory.initializeBean(AbstractAutowireCapableBeanFactory.java:1804) ~[spring-beans-5.3.13.jar:5.3.13]
	at org.springframework.beans.factory.support.AbstractAutowireCapableBeanFactory.doCreateBean(AbstractAutowireCapableBeanFactory.java:620) ~[spring-beans-5.3.13.jar:5.3.13]
	at org.springframework.beans.factory.support.AbstractAutowireCapableBeanFactory.createBean(AbstractAutowireCapableBeanFactory.java:542) ~[spring-beans-5.3.13.jar:5.3.13]
	at org.springframework.beans.factory.support.AbstractBeanFactory.lambda$doGetBean$0(AbstractBeanFactory.java:335) ~[spring-beans-5.3.13.jar:5.3.13]
	at org.springframework.beans.factory.support.DefaultSingletonBeanRegistry.getSingleton(DefaultSingletonBeanRegistry.java:234) ~[spring-beans-5.3.13.jar:5.3.13]
	at org.springframework.beans.factory.support.AbstractBeanFactory.doGetBean(AbstractBeanFactory.java:333) ~[spring-beans-5.3.13.jar:5.3.13]
	at org.springframework.beans.factory.support.AbstractBeanFactory.getBean(AbstractBeanFactory.java:208) ~[spring-beans-5.3.13.jar:5.3.13]
	at org.springframework.beans.factory.support.DefaultListableBeanFactory.preInstantiateSingletons(DefaultListableBeanFactory.java:944) ~[spring-beans-5.3.13.jar:5.3.13]
	at org.springframework.context.support.AbstractApplicationContext.finishBeanFactoryInitialization(AbstractApplicationContext.java:918) ~[spring-context-5.3.13.jar:5.3.13]
	at org.springframework.context.support.AbstractApplicationContext.refresh(AbstractApplicationContext.java:583) ~[spring-context-5.3.13.jar:5.3.13]
	at org.springframework.boot.web.servlet.context.ServletWebServerApplicationContext.refresh(ServletWebServerApplicationContext.java:145) ~[spring-boot-2.6.1.jar:2.6.1]
	at org.springframework.boot.SpringApplication.refresh(SpringApplication.java:730) [spring-boot-2.6.1.jar:2.6.1]
	at org.springframework.boot.SpringApplication.refreshContext(SpringApplication.java:412) [spring-boot-2.6.1.jar:2.6.1]
	at org.springframework.boot.SpringApplication.run(SpringApplication.java:302) [spring-boot-2.6.1.jar:2.6.1]
	at org.springframework.boot.SpringApplication.run(SpringApplication.java:1301) [spring-boot-2.6.1.jar:2.6.1]
	at org.springframework.boot.SpringApplication.run(SpringApplication.java:1290) [spring-boot-2.6.1.jar:2.6.1]
	at br.com.ot.ProjectOtApplication.main(ProjectOtApplication.java:10) [classes/:?]
Caused by: java.lang.reflect.InaccessibleObjectException: Unable to make private java.lang.Class(java.lang.ClassLoader,java.lang.Class) accessible: module java.base does not "opens java.lang" to unnamed module @394a2528
	at java.lang.reflect.AccessibleObject.checkCanSetAccessible(AccessibleObject.java:354) ~[?:?]
	at java.lang.reflect.AccessibleObject.checkCanSetAccessible(AccessibleObject.java:297) ~[?:?]
	at java.lang.reflect.Constructor.checkCanSetAccessible(Constructor.java:188) ~[?:?]
	at java.lang.reflect.Constructor.setAccessible(Constructor.java:181) ~[?:?]
	at org.codehaus.groovy.reflection.CachedConstructor$1.run(CachedConstructor.java:41) ~[groovy-all-2.4.1.jar:2.4.1]
	at java.security.AccessController.doPrivileged(AccessController.java:318) ~[?:?]
	at org.codehaus.groovy.reflection.CachedConstructor.<init>(CachedConstructor.java:39) ~[groovy-all-2.4.1.jar:2.4.1]
	at org.codehaus.groovy.reflection.CachedClass$2.initValue(CachedClass.java:76) ~[groovy-all-2.4.1.jar:2.4.1]
	at org.codehaus.groovy.reflection.CachedClass$2.initValue(CachedClass.java:66) ~[groovy-all-2.4.1.jar:2.4.1]
	at org.codehaus.groovy.util.LazyReference.getLocked(LazyReference.java:46) ~[groovy-all-2.4.1.jar:2.4.1]
	at org.codehaus.groovy.util.LazyReference.get(LazyReference.java:33) ~[groovy-all-2.4.1.jar:2.4.1]
	at org.codehaus.groovy.reflection.CachedClass.getConstructors(CachedClass.java:265) ~[groovy-all-2.4.1.jar:2.4.1]
	at groovy.lang.MetaClassImpl.<init>(MetaClassImpl.java:215) ~[groovy-all-2.4.1.jar:2.4.1]
	at groovy.lang.MetaClassImpl.<init>(MetaClassImpl.java:225) ~[groovy-all-2.4.1.jar:2.4.1]
	at groovy.lang.MetaClassRegistry$MetaClassCreationHandle.createNormalMetaClass(MetaClassRegistry.java:168) ~[groovy-all-2.4.1.jar:2.4.1]
	at groovy.lang.MetaClassRegistry$MetaClassCreationHandle.createWithCustomLookup(MetaClassRegistry.java:158) ~[groovy-all-2.4.1.jar:2.4.1]
	at groovy.lang.MetaClassRegistry$MetaClassCreationHandle.create(MetaClassRegistry.java:141) ~[groovy-all-2.4.1.jar:2.4.1]
	at org.codehaus.groovy.reflection.ClassInfo.getMetaClassUnderLock(ClassInfo.java:250) ~[groovy-all-2.4.1.jar:2.4.1]
	at org.codehaus.groovy.reflection.ClassInfo.getMetaClass(ClassInfo.java:282) ~[groovy-all-2.4.1.jar:2.4.1]
	at org.codehaus.groovy.runtime.metaclass.MetaClassRegistryImpl.getMetaClass(MetaClassRegistryImpl.java:255) ~[groovy-all-2.4.1.jar:2.4.1]
	at groovy.lang.MetaClassImpl.getProperty(MetaClassImpl.java:1826) ~[groovy-all-2.4.1.jar:2.4.1]
	at groovy.lang.MetaClassImpl.getProperty(MetaClassImpl.java:3734) ~[groovy-all-2.4.1.jar:2.4.1]
	at org.codehaus.groovy.runtime.callsite.ClassMetaClassGetPropertySite.getProperty(ClassMetaClassGetPropertySite.java:48) ~[groovy-all-2.4.1.jar:2.4.1]
	at org.codehaus.groovy.runtime.callsite.AbstractCallSite.callGetProperty(AbstractCallSite.java:293) ~[groovy-all-2.4.1.jar:2.4.1]
	at org.codehaus.groovy.control.customizers.ASTTransformationCustomizer.<init>(ASTTransformationCustomizer.groovy:186) ~[groovy-all-2.4.1.jar:2.4.1]
	at groovy.text.markup.MarkupTemplateEngine.<init>(MarkupTemplateEngine.java:91) ~[groovy-all-2.4.1.jar:2.4.1]
	at org.springframework.web.servlet.view.groovy.GroovyMarkupConfigurer.createTemplateEngine(GroovyMarkupConfigurer.java:160) ~[spring-webmvc-5.3.13.jar:5.3.13]
	at org.springframework.web.servlet.view.groovy.GroovyMarkupConfigurer.afterPropertiesSet(GroovyMarkupConfigurer.java:153) ~[spring-webmvc-5.3.13.jar:5.3.13]
	at org.springframework.beans.factory.support.AbstractAutowireCapableBeanFactory.invokeInitMethods(AbstractAutowireCapableBeanFactory.java:1863) ~[spring-beans-5.3.13.jar:5.3.13]
	at org.springframework.beans.factory.support.AbstractAutowireCapableBeanFactory.initializeBean(AbstractAutowireCapableBeanFactory.java:1800) ~[spring-beans-5.3.13.jar:5.3.13]
	... 16 more

[2m2022-04-06 13:26:14.035[0;39m [32m INFO[0;39m Starting ProjectOtApplication on ALFA103 with PID 14660 (D:\projetos\projetc_lotto\Project_ottol\target\classes started by juliano.ezequiel in D:\projetos\projetc_lotto\Project_ottol)
[2m2022-04-06 13:26:14.044[0;39m [32mDEBUG[0;39m Running with Spring Boot v2.2.0.RELEASE, Spring v5.2.0.RELEASE
[2m2022-04-06 13:26:14.045[0;39m [32m INFO[0;39m No active profile set, falling back to default profiles: default
[2m2022-04-06 13:26:15.018[0;39m [32m INFO[0;39m Bootstrapping Spring Data repositories in DEFAULT mode.
[2m2022-04-06 13:26:15.098[0;39m [32m INFO[0;39m Finished Spring Data repository scanning in 72ms. Found 2 repository interfaces.
[2m2022-04-06 13:26:15.467[0;39m [32m INFO[0;39m Bean 'org.springframework.transaction.annotation.ProxyTransactionManagementConfiguration' of type [org.springframework.transaction.annotation.ProxyTransactionManagementConfiguration] is not eligible for getting processed by all BeanPostProcessors (for example: not eligible for auto-proxying)
[2m2022-04-06 13:26:15.769[0;39m [32m INFO[0;39m Tomcat initialized with port(s): 8011 (http)
[2m2022-04-06 13:26:15.780[0;39m [32m INFO[0;39m Starting service [Tomcat]
[2m2022-04-06 13:26:15.780[0;39m [32m INFO[0;39m Starting Servlet engine: [Apache Tomcat/9.0.27]
[2m2022-04-06 13:26:15.928[0;39m [32m INFO[0;39m Initializing Spring embedded WebApplicationContext
[2m2022-04-06 13:26:15.928[0;39m [32m INFO[0;39m Root WebApplicationContext: initialization completed in 1596 ms
[2m2022-04-06 13:26:16.169[0;39m [32m INFO[0;39m HHH000204: Processing PersistenceUnitInfo [name: default]
[2m2022-04-06 13:26:16.237[0;39m [32m INFO[0;39m HHH000412: Hibernate Core {5.4.6.Final}
[2m2022-04-06 13:26:16.394[0;39m [32m INFO[0;39m HCANN000001: Hibernate Commons Annotations {5.1.0.Final}
[2m2022-04-06 13:26:16.493[0;39m [32m INFO[0;39m HikariPool-1 - Starting...
[2m2022-04-06 13:26:16.638[0;39m [31mERROR[0;39m HikariPool-1 - Exception during pool initialization.

java.sql.SQLSyntaxErrorException: Unknown database 'project_lotto_db:3306'
	at com.mysql.cj.jdbc.exceptions.SQLError.createSQLException(SQLError.java:120) ~[mysql-connector-java-8.0.18.jar:8.0.18]
	at com.mysql.cj.jdbc.exceptions.SQLError.createSQLException(SQLError.java:97) ~[mysql-connector-java-8.0.18.jar:8.0.18]
	at com.mysql.cj.jdbc.exceptions.SQLExceptionsMapping.translateException(SQLExceptionsMapping.java:122) ~[mysql-connector-java-8.0.18.jar:8.0.18]
	at com.mysql.cj.jdbc.ConnectionImpl.createNewIO(ConnectionImpl.java:836) ~[mysql-connector-java-8.0.18.jar:8.0.18]
	at com.mysql.cj.jdbc.ConnectionImpl.<init>(ConnectionImpl.java:456) ~[mysql-connector-java-8.0.18.jar:8.0.18]
	at com.mysql.cj.jdbc.ConnectionImpl.getInstance(ConnectionImpl.java:246) ~[mysql-connector-java-8.0.18.jar:8.0.18]
	at com.mysql.cj.jdbc.NonRegisteringDriver.connect(NonRegisteringDriver.java:199) ~[mysql-connector-java-8.0.18.jar:8.0.18]
	at com.zaxxer.hikari.util.DriverDataSource.getConnection(DriverDataSource.java:138) ~[HikariCP-3.4.1.jar:?]
	at com.zaxxer.hikari.pool.PoolBase.newConnection(PoolBase.java:353) ~[HikariCP-3.4.1.jar:?]
	at com.zaxxer.hikari.pool.PoolBase.newPoolEntry(PoolBase.java:201) ~[HikariCP-3.4.1.jar:?]
	at com.zaxxer.hikari.pool.HikariPool.createPoolEntry(HikariPool.java:473) ~[HikariCP-3.4.1.jar:?]
	at com.zaxxer.hikari.pool.HikariPool.checkFailFast(HikariPool.java:562) ~[HikariCP-3.4.1.jar:?]
	at com.zaxxer.hikari.pool.HikariPool.<init>(HikariPool.java:115) ~[HikariCP-3.4.1.jar:?]
	at com.zaxxer.hikari.HikariDataSource.getConnection(HikariDataSource.java:112) ~[HikariCP-3.4.1.jar:?]
	at org.hibernate.engine.jdbc.connections.internal.DatasourceConnectionProviderImpl.getConnection(DatasourceConnectionProviderImpl.java:122) ~[hibernate-core-5.4.6.Final.jar:5.4.6.Final]
	at org.hibernate.engine.jdbc.env.internal.JdbcEnvironmentInitiator$ConnectionProviderJdbcConnectionAccess.obtainConnection(JdbcEnvironmentInitiator.java:180) ~[hibernate-core-5.4.6.Final.jar:5.4.6.Final]
	at org.hibernate.engine.jdbc.env.internal.JdbcEnvironmentInitiator.initiateService(JdbcEnvironmentInitiator.java:68) ~[hibernate-core-5.4.6.Final.jar:5.4.6.Final]
	at org.hibernate.engine.jdbc.env.internal.JdbcEnvironmentInitiator.initiateService(JdbcEnvironmentInitiator.java:35) ~[hibernate-core-5.4.6.Final.jar:5.4.6.Final]
	at org.hibernate.boot.registry.internal.StandardServiceRegistryImpl.initiateService(StandardServiceRegistryImpl.java:101) ~[hibernate-core-5.4.6.Final.jar:5.4.6.Final]
	at org.hibernate.service.internal.AbstractServiceRegistryImpl.createService(AbstractServiceRegistryImpl.java:263) ~[hibernate-core-5.4.6.Final.jar:5.4.6.Final]
	at org.hibernate.service.internal.AbstractServiceRegistryImpl.initializeService(AbstractServiceRegistryImpl.java:237) ~[hibernate-core-5.4.6.Final.jar:5.4.6.Final]
	at org.hibernate.service.internal.AbstractServiceRegistryImpl.getService(AbstractServiceRegistryImpl.java:214) ~[hibernate-core-5.4.6.Final.jar:5.4.6.Final]
	at org.hibernate.id.factory.internal.DefaultIdentifierGeneratorFactory.injectServices(DefaultIdentifierGeneratorFactory.java:152) ~[hibernate-core-5.4.6.Final.jar:5.4.6.Final]
	at org.hibernate.service.internal.AbstractServiceRegistryImpl.injectDependencies(AbstractServiceRegistryImpl.java:286) ~[hibernate-core-5.4.6.Final.jar:5.4.6.Final]
	at org.hibernate.service.internal.AbstractServiceRegistryImpl.initializeService(AbstractServiceRegistryImpl.java:243) ~[hibernate-core-5.4.6.Final.jar:5.4.6.Final]
	at org.hibernate.service.internal.AbstractServiceRegistryImpl.getService(AbstractServiceRegistryImpl.java:214) ~[hibernate-core-5.4.6.Final.jar:5.4.6.Final]
	at org.hibernate.boot.internal.InFlightMetadataCollectorImpl.<init>(InFlightMetadataCollectorImpl.java:175) ~[hibernate-core-5.4.6.Final.jar:5.4.6.Final]
	at org.hibernate.boot.model.process.spi.MetadataBuildingProcess.complete(MetadataBuildingProcess.java:118) ~[hibernate-core-5.4.6.Final.jar:5.4.6.Final]
	at org.hibernate.jpa.boot.internal.EntityManagerFactoryBuilderImpl.metadata(EntityManagerFactoryBuilderImpl.java:900) ~[hibernate-core-5.4.6.Final.jar:5.4.6.Final]
	at org.hibernate.jpa.boot.internal.EntityManagerFactoryBuilderImpl.build(EntityManagerFactoryBuilderImpl.java:931) ~[hibernate-core-5.4.6.Final.jar:5.4.6.Final]
	at org.springframework.orm.jpa.vendor.SpringHibernateJpaPersistenceProvider.createContainerEntityManagerFactory(SpringHibernateJpaPersistenceProvider.java:58) ~[spring-orm-5.2.0.RELEASE.jar:5.2.0.RELEASE]
	at org.springframework.orm.jpa.LocalContainerEntityManagerFactoryBean.createNativeEntityManagerFactory(LocalContainerEntityManagerFactoryBean.java:365) ~[spring-orm-5.2.0.RELEASE.jar:5.2.0.RELEASE]
	at org.springframework.orm.jpa.AbstractEntityManagerFactoryBean.buildNativeEntityManagerFactory(AbstractEntityManagerFactoryBean.java:391) ~[spring-orm-5.2.0.RELEASE.jar:5.2.0.RELEASE]
	at org.springframework.orm.jpa.AbstractEntityManagerFactoryBean.afterPropertiesSet(AbstractEntityManagerFactoryBean.java:378) ~[spring-orm-5.2.0.RELEASE.jar:5.2.0.RELEASE]
	at org.springframework.orm.jpa.LocalContainerEntityManagerFactoryBean.afterPropertiesSet(LocalContainerEntityManagerFactoryBean.java:341) ~[spring-orm-5.2.0.RELEASE.jar:5.2.0.RELEASE]
	at org.springframework.beans.factory.support.AbstractAutowireCapableBeanFactory.invokeInitMethods(AbstractAutowireCapableBeanFactory.java:1862) ~[spring-beans-5.2.0.RELEASE.jar:5.2.0.RELEASE]
	at org.springframework.beans.factory.support.AbstractAutowireCapableBeanFactory.initializeBean(AbstractAutowireCapableBeanFactory.java:1799) ~[spring-beans-5.2.0.RELEASE.jar:5.2.0.RELEASE]
	at org.springframework.beans.factory.support.AbstractAutowireCapableBeanFactory.doCreateBean(AbstractAutowireCapableBeanFactory.java:595) ~[spring-beans-5.2.0.RELEASE.jar:5.2.0.RELEASE]
	at org.springframework.beans.factory.support.AbstractAutowireCapableBeanFactory.createBean(AbstractAutowireCapableBeanFactory.java:517) ~[spring-beans-5.2.0.RELEASE.jar:5.2.0.RELEASE]
	at org.springframework.beans.factory.support.AbstractBeanFactory.lambda$doGetBean$0(AbstractBeanFactory.java:323) ~[spring-beans-5.2.0.RELEASE.jar:5.2.0.RELEASE]
	at org.springframework.beans.factory.support.DefaultSingletonBeanRegistry.getSingleton(DefaultSingletonBeanRegistry.java:222) [spring-beans-5.2.0.RELEASE.jar:5.2.0.RELEASE]
	at org.springframework.beans.factory.support.AbstractBeanFactory.doGetBean(AbstractBeanFactory.java:321) [spring-beans-5.2.0.RELEASE.jar:5.2.0.RELEASE]
	at org.springframework.beans.factory.support.AbstractBeanFactory.getBean(AbstractBeanFactory.java:202) [spring-beans-5.2.0.RELEASE.jar:5.2.0.RELEASE]
	at org.springframework.context.support.AbstractApplicationContext.getBean(AbstractApplicationContext.java:1108) [spring-context-5.2.0.RELEASE.jar:5.2.0.RELEASE]
	at org.springframework.context.support.AbstractApplicationContext.finishBeanFactoryInitialization(AbstractApplicationContext.java:868) [spring-context-5.2.0.RELEASE.jar:5.2.0.RELEASE]
	at org.springframework.context.support.AbstractApplicationContext.refresh(AbstractApplicationContext.java:550) [spring-context-5.2.0.RELEASE.jar:5.2.0.RELEASE]
	at org.springframework.boot.web.servlet.context.ServletWebServerApplicationContext.refresh(ServletWebServerApplicationContext.java:141) [spring-boot-2.2.0.RELEASE.jar:2.2.0.RELEASE]
	at org.springframework.boot.SpringApplication.refresh(SpringApplication.java:747) [spring-boot-2.2.0.RELEASE.jar:2.2.0.RELEASE]
	at org.springframework.boot.SpringApplication.refreshContext(SpringApplication.java:397) [spring-boot-2.2.0.RELEASE.jar:2.2.0.RELEASE]
	at org.springframework.boot.SpringApplication.run(SpringApplication.java:315) [spring-boot-2.2.0.RELEASE.jar:2.2.0.RELEASE]
	at org.springframework.boot.SpringApplication.run(SpringApplication.java:1226) [spring-boot-2.2.0.RELEASE.jar:2.2.0.RELEASE]
	at org.springframework.boot.SpringApplication.run(SpringApplication.java:1215) [spring-boot-2.2.0.RELEASE.jar:2.2.0.RELEASE]
	at br.com.ot.ProjectOtApplication.main(ProjectOtApplication.java:10) [classes/:?]

[2m2022-04-06 13:26:16.645[0;39m [33m WARN[0;39m HHH000342: Could not obtain connection to query metadata : Unknown database 'project_lotto_db:3306'
[2m2022-04-06 13:26:16.658[0;39m [32m INFO[0;39m HHH000400: Using dialect: org.hibernate.dialect.MySQL55Dialect
[2m2022-04-06 13:26:17.479[0;39m [32m INFO[0;39m HikariPool-1 - Starting...
[2m2022-04-06 13:26:17.482[0;39m [31mERROR[0;39m HikariPool-1 - Exception during pool initialization.

java.sql.SQLSyntaxErrorException: Unknown database 'project_lotto_db:3306'
	at com.mysql.cj.jdbc.exceptions.SQLError.createSQLException(SQLError.java:120) ~[mysql-connector-java-8.0.18.jar:8.0.18]
	at com.mysql.cj.jdbc.exceptions.SQLError.createSQLException(SQLError.java:97) ~[mysql-connector-java-8.0.18.jar:8.0.18]
	at com.mysql.cj.jdbc.exceptions.SQLExceptionsMapping.translateException(SQLExceptionsMapping.java:122) ~[mysql-connector-java-8.0.18.jar:8.0.18]
	at com.mysql.cj.jdbc.ConnectionImpl.createNewIO(ConnectionImpl.java:836) ~[mysql-connector-java-8.0.18.jar:8.0.18]
	at com.mysql.cj.jdbc.ConnectionImpl.<init>(ConnectionImpl.java:456) ~[mysql-connector-java-8.0.18.jar:8.0.18]
	at com.mysql.cj.jdbc.ConnectionImpl.getInstance(ConnectionImpl.java:246) ~[mysql-connector-java-8.0.18.jar:8.0.18]
	at com.mysql.cj.jdbc.NonRegisteringDriver.connect(NonRegisteringDriver.java:199) ~[mysql-connector-java-8.0.18.jar:8.0.18]
	at com.zaxxer.hikari.util.DriverDataSource.getConnection(DriverDataSource.java:138) ~[HikariCP-3.4.1.jar:?]
	at com.zaxxer.hikari.pool.PoolBase.newConnection(PoolBase.java:353) ~[HikariCP-3.4.1.jar:?]
	at com.zaxxer.hikari.pool.PoolBase.newPoolEntry(PoolBase.java:201) ~[HikariCP-3.4.1.jar:?]
	at com.zaxxer.hikari.pool.HikariPool.createPoolEntry(HikariPool.java:473) ~[HikariCP-3.4.1.jar:?]
	at com.zaxxer.hikari.pool.HikariPool.checkFailFast(HikariPool.java:562) ~[HikariCP-3.4.1.jar:?]
	at com.zaxxer.hikari.pool.HikariPool.<init>(HikariPool.java:115) ~[HikariCP-3.4.1.jar:?]
	at com.zaxxer.hikari.HikariDataSource.getConnection(HikariDataSource.java:112) ~[HikariCP-3.4.1.jar:?]
	at org.hibernate.engine.jdbc.connections.internal.DatasourceConnectionProviderImpl.getConnection(DatasourceConnectionProviderImpl.java:122) ~[hibernate-core-5.4.6.Final.jar:5.4.6.Final]
	at org.hibernate.engine.jdbc.env.internal.JdbcEnvironmentInitiator$ConnectionProviderJdbcConnectionAccess.obtainConnection(JdbcEnvironmentInitiator.java:180) ~[hibernate-core-5.4.6.Final.jar:5.4.6.Final]
	at org.hibernate.resource.transaction.backend.jdbc.internal.DdlTransactionIsolatorNonJtaImpl.getIsolatedConnection(DdlTransactionIsolatorNonJtaImpl.java:43) ~[hibernate-core-5.4.6.Final.jar:5.4.6.Final]
	at org.hibernate.tool.schema.internal.exec.ImprovedExtractionContextImpl.getJdbcConnection(ImprovedExtractionContextImpl.java:60) ~[hibernate-core-5.4.6.Final.jar:5.4.6.Final]
	at org.hibernate.tool.schema.internal.exec.ImprovedExtractionContextImpl.getJdbcDatabaseMetaData(ImprovedExtractionContextImpl.java:67) ~[hibernate-core-5.4.6.Final.jar:5.4.6.Final]
	at org.hibernate.tool.schema.extract.internal.InformationExtractorJdbcDatabaseMetaDataImpl.getTables(InformationExtractorJdbcDatabaseMetaDataImpl.java:333) ~[hibernate-core-5.4.6.Final.jar:5.4.6.Final]
	at org.hibernate.tool.schema.extract.internal.DatabaseInformationImpl.getTablesInformation(DatabaseInformationImpl.java:120) ~[hibernate-core-5.4.6.Final.jar:5.4.6.Final]
	at org.hibernate.tool.schema.internal.GroupedSchemaMigratorImpl.performTablesMigration(GroupedSchemaMigratorImpl.java:65) ~[hibernate-core-5.4.6.Final.jar:5.4.6.Final]
	at org.hibernate.tool.schema.internal.AbstractSchemaMigrator.performMigration(AbstractSchemaMigrator.java:207) ~[hibernate-core-5.4.6.Final.jar:5.4.6.Final]
	at org.hibernate.tool.schema.internal.AbstractSchemaMigrator.doMigration(AbstractSchemaMigrator.java:114) ~[hibernate-core-5.4.6.Final.jar:5.4.6.Final]
	at org.hibernate.tool.schema.spi.SchemaManagementToolCoordinator.performDatabaseAction(SchemaManagementToolCoordinator.java:184) ~[hibernate-core-5.4.6.Final.jar:5.4.6.Final]
	at org.hibernate.tool.schema.spi.SchemaManagementToolCoordinator.process(SchemaManagementToolCoordinator.java:73) ~[hibernate-core-5.4.6.Final.jar:5.4.6.Final]
	at org.hibernate.internal.SessionFactoryImpl.<init>(SessionFactoryImpl.java:320) ~[hibernate-core-5.4.6.Final.jar:5.4.6.Final]
	at org.hibernate.boot.internal.SessionFactoryBuilderImpl.build(SessionFactoryBuilderImpl.java:462) ~[hibernate-core-5.4.6.Final.jar:5.4.6.Final]
	at org.hibernate.jpa.boot.internal.EntityManagerFactoryBuilderImpl.build(EntityManagerFactoryBuilderImpl.java:935) ~[hibernate-core-5.4.6.Final.jar:5.4.6.Final]
	at org.springframework.orm.jpa.vendor.SpringHibernateJpaPersistenceProvider.createContainerEntityManagerFactory(SpringHibernateJpaPersistenceProvider.java:58) ~[spring-orm-5.2.0.RELEASE.jar:5.2.0.RELEASE]
	at org.springframework.orm.jpa.LocalContainerEntityManagerFactoryBean.createNativeEntityManagerFactory(LocalContainerEntityManagerFactoryBean.java:365) ~[spring-orm-5.2.0.RELEASE.jar:5.2.0.RELEASE]
	at org.springframework.orm.jpa.AbstractEntityManagerFactoryBean.buildNativeEntityManagerFactory(AbstractEntityManagerFactoryBean.java:391) ~[spring-orm-5.2.0.RELEASE.jar:5.2.0.RELEASE]
	at org.springframework.orm.jpa.AbstractEntityManagerFactoryBean.afterPropertiesSet(AbstractEntityManagerFactoryBean.java:378) ~[spring-orm-5.2.0.RELEASE.jar:5.2.0.RELEASE]
	at org.springframework.orm.jpa.LocalContainerEntityManagerFactoryBean.afterPropertiesSet(LocalContainerEntityManagerFactoryBean.java:341) ~[spring-orm-5.2.0.RELEASE.jar:5.2.0.RELEASE]
	at org.springframework.beans.factory.support.AbstractAutowireCapableBeanFactory.invokeInitMethods(AbstractAutowireCapableBeanFactory.java:1862) ~[spring-beans-5.2.0.RELEASE.jar:5.2.0.RELEASE]
	at org.springframework.beans.factory.support.AbstractAutowireCapableBeanFactory.initializeBean(AbstractAutowireCapableBeanFactory.java:1799) ~[spring-beans-5.2.0.RELEASE.jar:5.2.0.RELEASE]
	at org.springframework.beans.factory.support.AbstractAutowireCapableBeanFactory.doCreateBean(AbstractAutowireCapableBeanFactory.java:595) ~[spring-beans-5.2.0.RELEASE.jar:5.2.0.RELEASE]
	at org.springframework.beans.factory.support.AbstractAutowireCapableBeanFactory.createBean(AbstractAutowireCapableBeanFactory.java:517) ~[spring-beans-5.2.0.RELEASE.jar:5.2.0.RELEASE]
	at org.springframework.beans.factory.support.AbstractBeanFactory.lambda$doGetBean$0(AbstractBeanFactory.java:323) ~[spring-beans-5.2.0.RELEASE.jar:5.2.0.RELEASE]
	at org.springframework.beans.factory.support.DefaultSingletonBeanRegistry.getSingleton(DefaultSingletonBeanRegistry.java:222) [spring-beans-5.2.0.RELEASE.jar:5.2.0.RELEASE]
	at org.springframework.beans.factory.support.AbstractBeanFactory.doGetBean(AbstractBeanFactory.java:321) [spring-beans-5.2.0.RELEASE.jar:5.2.0.RELEASE]
	at org.springframework.beans.factory.support.AbstractBeanFactory.getBean(AbstractBeanFactory.java:202) [spring-beans-5.2.0.RELEASE.jar:5.2.0.RELEASE]
	at org.springframework.context.support.AbstractApplicationContext.getBean(AbstractApplicationContext.java:1108) [spring-context-5.2.0.RELEASE.jar:5.2.0.RELEASE]
	at org.springframework.context.support.AbstractApplicationContext.finishBeanFactoryInitialization(AbstractApplicationContext.java:868) [spring-context-5.2.0.RELEASE.jar:5.2.0.RELEASE]
	at org.springframework.context.support.AbstractApplicationContext.refresh(AbstractApplicationContext.java:550) [spring-context-5.2.0.RELEASE.jar:5.2.0.RELEASE]
	at org.springframework.boot.web.servlet.context.ServletWebServerApplicationContext.refresh(ServletWebServerApplicationContext.java:141) [spring-boot-2.2.0.RELEASE.jar:2.2.0.RELEASE]
	at org.springframework.boot.SpringApplication.refresh(SpringApplication.java:747) [spring-boot-2.2.0.RELEASE.jar:2.2.0.RELEASE]
	at org.springframework.boot.SpringApplication.refreshContext(SpringApplication.java:397) [spring-boot-2.2.0.RELEASE.jar:2.2.0.RELEASE]
	at org.springframework.boot.SpringApplication.run(SpringApplication.java:315) [spring-boot-2.2.0.RELEASE.jar:2.2.0.RELEASE]
	at org.springframework.boot.SpringApplication.run(SpringApplication.java:1226) [spring-boot-2.2.0.RELEASE.jar:2.2.0.RELEASE]
	at org.springframework.boot.SpringApplication.run(SpringApplication.java:1215) [spring-boot-2.2.0.RELEASE.jar:2.2.0.RELEASE]
	at br.com.ot.ProjectOtApplication.main(ProjectOtApplication.java:10) [classes/:?]

[2m2022-04-06 13:26:17.483[0;39m [33m WARN[0;39m SQL Error: 1049, SQLState: 42000
[2m2022-04-06 13:26:17.483[0;39m [31mERROR[0;39m Unknown database 'project_lotto_db:3306'
[2m2022-04-06 13:26:17.490[0;39m [33m WARN[0;39m Exception encountered during context initialization - cancelling refresh attempt: org.springframework.beans.factory.BeanCreationException: Error creating bean with name 'entityManagerFactory' defined in class path resource [org/springframework/boot/autoconfigure/orm/jpa/HibernateJpaConfiguration.class]: Invocation of init method failed; nested exception is javax.persistence.PersistenceException: [PersistenceUnit: default] Unable to build Hibernate SessionFactory; nested exception is org.hibernate.exception.SQLGrammarException: Unable to open JDBC Connection for DDL execution
[2m2022-04-06 13:26:17.492[0;39m [32m INFO[0;39m Stopping service [Tomcat]
[2m2022-04-06 13:26:17.501[0;39m [32m INFO[0;39m 

Error starting ApplicationContext. To display the conditions report re-run your application with 'debug' enabled.
[2m2022-04-06 13:26:17.502[0;39m [31mERROR[0;39m Application run failed

org.springframework.beans.factory.BeanCreationException: Error creating bean with name 'entityManagerFactory' defined in class path resource [org/springframework/boot/autoconfigure/orm/jpa/HibernateJpaConfiguration.class]: Invocation of init method failed; nested exception is javax.persistence.PersistenceException: [PersistenceUnit: default] Unable to build Hibernate SessionFactory; nested exception is org.hibernate.exception.SQLGrammarException: Unable to open JDBC Connection for DDL execution
	at org.springframework.beans.factory.support.AbstractAutowireCapableBeanFactory.initializeBean(AbstractAutowireCapableBeanFactory.java:1803) ~[spring-beans-5.2.0.RELEASE.jar:5.2.0.RELEASE]
	at org.springframework.beans.factory.support.AbstractAutowireCapableBeanFactory.doCreateBean(AbstractAutowireCapableBeanFactory.java:595) ~[spring-beans-5.2.0.RELEASE.jar:5.2.0.RELEASE]
	at org.springframework.beans.factory.support.AbstractAutowireCapableBeanFactory.createBean(AbstractAutowireCapableBeanFactory.java:517) ~[spring-beans-5.2.0.RELEASE.jar:5.2.0.RELEASE]
	at org.springframework.beans.factory.support.AbstractBeanFactory.lambda$doGetBean$0(AbstractBeanFactory.java:323) ~[spring-beans-5.2.0.RELEASE.jar:5.2.0.RELEASE]
	at org.springframework.beans.factory.support.DefaultSingletonBeanRegistry.getSingleton(DefaultSingletonBeanRegistry.java:222) ~[spring-beans-5.2.0.RELEASE.jar:5.2.0.RELEASE]
	at org.springframework.beans.factory.support.AbstractBeanFactory.doGetBean(AbstractBeanFactory.java:321) ~[spring-beans-5.2.0.RELEASE.jar:5.2.0.RELEASE]
	at org.springframework.beans.factory.support.AbstractBeanFactory.getBean(AbstractBeanFactory.java:202) ~[spring-beans-5.2.0.RELEASE.jar:5.2.0.RELEASE]
	at org.springframework.context.support.AbstractApplicationContext.getBean(AbstractApplicationContext.java:1108) ~[spring-context-5.2.0.RELEASE.jar:5.2.0.RELEASE]
	at org.springframework.context.support.AbstractApplicationContext.finishBeanFactoryInitialization(AbstractApplicationContext.java:868) ~[spring-context-5.2.0.RELEASE.jar:5.2.0.RELEASE]
	at org.springframework.context.support.AbstractApplicationContext.refresh(AbstractApplicationContext.java:550) ~[spring-context-5.2.0.RELEASE.jar:5.2.0.RELEASE]
	at org.springframework.boot.web.servlet.context.ServletWebServerApplicationContext.refresh(ServletWebServerApplicationContext.java:141) ~[spring-boot-2.2.0.RELEASE.jar:2.2.0.RELEASE]
	at org.springframework.boot.SpringApplication.refresh(SpringApplication.java:747) [spring-boot-2.2.0.RELEASE.jar:2.2.0.RELEASE]
	at org.springframework.boot.SpringApplication.refreshContext(SpringApplication.java:397) [spring-boot-2.2.0.RELEASE.jar:2.2.0.RELEASE]
	at org.springframework.boot.SpringApplication.run(SpringApplication.java:315) [spring-boot-2.2.0.RELEASE.jar:2.2.0.RELEASE]
	at org.springframework.boot.SpringApplication.run(SpringApplication.java:1226) [spring-boot-2.2.0.RELEASE.jar:2.2.0.RELEASE]
	at org.springframework.boot.SpringApplication.run(SpringApplication.java:1215) [spring-boot-2.2.0.RELEASE.jar:2.2.0.RELEASE]
	at br.com.ot.ProjectOtApplication.main(ProjectOtApplication.java:10) [classes/:?]
Caused by: javax.persistence.PersistenceException: [PersistenceUnit: default] Unable to build Hibernate SessionFactory; nested exception is org.hibernate.exception.SQLGrammarException: Unable to open JDBC Connection for DDL execution
	at org.springframework.orm.jpa.AbstractEntityManagerFactoryBean.buildNativeEntityManagerFactory(AbstractEntityManagerFactoryBean.java:403) ~[spring-orm-5.2.0.RELEASE.jar:5.2.0.RELEASE]
	at org.springframework.orm.jpa.AbstractEntityManagerFactoryBean.afterPropertiesSet(AbstractEntityManagerFactoryBean.java:378) ~[spring-orm-5.2.0.RELEASE.jar:5.2.0.RELEASE]
	at org.springframework.orm.jpa.LocalContainerEntityManagerFactoryBean.afterPropertiesSet(LocalContainerEntityManagerFactoryBean.java:341) ~[spring-orm-5.2.0.RELEASE.jar:5.2.0.RELEASE]
	at org.springframework.beans.factory.support.AbstractAutowireCapableBeanFactory.invokeInitMethods(AbstractAutowireCapableBeanFactory.java:1862) ~[spring-beans-5.2.0.RELEASE.jar:5.2.0.RELEASE]
	at org.springframework.beans.factory.support.AbstractAutowireCapableBeanFactory.initializeBean(AbstractAutowireCapableBeanFactory.java:1799) ~[spring-beans-5.2.0.RELEASE.jar:5.2.0.RELEASE]
	... 16 more
Caused by: org.hibernate.exception.SQLGrammarException: Unable to open JDBC Connection for DDL execution
	at org.hibernate.exception.internal.SQLExceptionTypeDelegate.convert(SQLExceptionTypeDelegate.java:63) ~[hibernate-core-5.4.6.Final.jar:5.4.6.Final]
	at org.hibernate.exception.internal.StandardSQLExceptionConverter.convert(StandardSQLExceptionConverter.java:42) ~[hibernate-core-5.4.6.Final.jar:5.4.6.Final]
	at org.hibernate.engine.jdbc.spi.SqlExceptionHelper.convert(SqlExceptionHelper.java:113) ~[hibernate-core-5.4.6.Final.jar:5.4.6.Final]
	at org.hibernate.engine.jdbc.spi.SqlExceptionHelper.convert(SqlExceptionHelper.java:99) ~[hibernate-core-5.4.6.Final.jar:5.4.6.Final]
	at org.hibernate.resource.transaction.backend.jdbc.internal.DdlTransactionIsolatorNonJtaImpl.getIsolatedConnection(DdlTransactionIsolatorNonJtaImpl.java:69) ~[hibernate-core-5.4.6.Final.jar:5.4.6.Final]
	at org.hibernate.tool.schema.internal.exec.ImprovedExtractionContextImpl.getJdbcConnection(ImprovedExtractionContextImpl.java:60) ~[hibernate-core-5.4.6.Final.jar:5.4.6.Final]
	at org.hibernate.tool.schema.internal.exec.ImprovedExtractionContextImpl.getJdbcDatabaseMetaData(ImprovedExtractionContextImpl.java:67) ~[hibernate-core-5.4.6.Final.jar:5.4.6.Final]
	at org.hibernate.tool.schema.extract.internal.InformationExtractorJdbcDatabaseMetaDataImpl.getTables(InformationExtractorJdbcDatabaseMetaDataImpl.java:333) ~[hibernate-core-5.4.6.Final.jar:5.4.6.Final]
	at org.hibernate.tool.schema.extract.internal.DatabaseInformationImpl.getTablesInformation(DatabaseInformationImpl.java:120) ~[hibernate-core-5.4.6.Final.jar:5.4.6.Final]
	at org.hibernate.tool.schema.internal.GroupedSchemaMigratorImpl.performTablesMigration(GroupedSchemaMigratorImpl.java:65) ~[hibernate-core-5.4.6.Final.jar:5.4.6.Final]
	at org.hibernate.tool.schema.internal.AbstractSchemaMigrator.performMigration(AbstractSchemaMigrator.java:207) ~[hibernate-core-5.4.6.Final.jar:5.4.6.Final]
	at org.hibernate.tool.schema.internal.AbstractSchemaMigrator.doMigration(AbstractSchemaMigrator.java:114) ~[hibernate-core-5.4.6.Final.jar:5.4.6.Final]
	at org.hibernate.tool.schema.spi.SchemaManagementToolCoordinator.performDatabaseAction(SchemaManagementToolCoordinator.java:184) ~[hibernate-core-5.4.6.Final.jar:5.4.6.Final]
	at org.hibernate.tool.schema.spi.SchemaManagementToolCoordinator.process(SchemaManagementToolCoordinator.java:73) ~[hibernate-core-5.4.6.Final.jar:5.4.6.Final]
	at org.hibernate.internal.SessionFactoryImpl.<init>(SessionFactoryImpl.java:320) ~[hibernate-core-5.4.6.Final.jar:5.4.6.Final]
	at org.hibernate.boot.internal.SessionFactoryBuilderImpl.build(SessionFactoryBuilderImpl.java:462) ~[hibernate-core-5.4.6.Final.jar:5.4.6.Final]
	at org.hibernate.jpa.boot.internal.EntityManagerFactoryBuilderImpl.build(EntityManagerFactoryBuilderImpl.java:935) ~[hibernate-core-5.4.6.Final.jar:5.4.6.Final]
	at org.springframework.orm.jpa.vendor.SpringHibernateJpaPersistenceProvider.createContainerEntityManagerFactory(SpringHibernateJpaPersistenceProvider.java:58) ~[spring-orm-5.2.0.RELEASE.jar:5.2.0.RELEASE]
	at org.springframework.orm.jpa.LocalContainerEntityManagerFactoryBean.createNativeEntityManagerFactory(LocalContainerEntityManagerFactoryBean.java:365) ~[spring-orm-5.2.0.RELEASE.jar:5.2.0.RELEASE]
	at org.springframework.orm.jpa.AbstractEntityManagerFactoryBean.buildNativeEntityManagerFactory(AbstractEntityManagerFactoryBean.java:391) ~[spring-orm-5.2.0.RELEASE.jar:5.2.0.RELEASE]
	at org.springframework.orm.jpa.AbstractEntityManagerFactoryBean.afterPropertiesSet(AbstractEntityManagerFactoryBean.java:378) ~[spring-orm-5.2.0.RELEASE.jar:5.2.0.RELEASE]
	at org.springframework.orm.jpa.LocalContainerEntityManagerFactoryBean.afterPropertiesSet(LocalContainerEntityManagerFactoryBean.java:341) ~[spring-orm-5.2.0.RELEASE.jar:5.2.0.RELEASE]
	at org.springframework.beans.factory.support.AbstractAutowireCapableBeanFactory.invokeInitMethods(AbstractAutowireCapableBeanFactory.java:1862) ~[spring-beans-5.2.0.RELEASE.jar:5.2.0.RELEASE]
	at org.springframework.beans.factory.support.AbstractAutowireCapableBeanFactory.initializeBean(AbstractAutowireCapableBeanFactory.java:1799) ~[spring-beans-5.2.0.RELEASE.jar:5.2.0.RELEASE]
	... 16 more
Caused by: java.sql.SQLSyntaxErrorException: Unknown database 'project_lotto_db:3306'
	at com.mysql.cj.jdbc.exceptions.SQLError.createSQLException(SQLError.java:120) ~[mysql-connector-java-8.0.18.jar:8.0.18]
	at com.mysql.cj.jdbc.exceptions.SQLError.createSQLException(SQLError.java:97) ~[mysql-connector-java-8.0.18.jar:8.0.18]
	at com.mysql.cj.jdbc.exceptions.SQLExceptionsMapping.translateException(SQLExceptionsMapping.java:122) ~[mysql-connector-java-8.0.18.jar:8.0.18]
	at com.mysql.cj.jdbc.ConnectionImpl.createNewIO(ConnectionImpl.java:836) ~[mysql-connector-java-8.0.18.jar:8.0.18]
	at com.mysql.cj.jdbc.ConnectionImpl.<init>(ConnectionImpl.java:456) ~[mysql-connector-java-8.0.18.jar:8.0.18]
	at com.mysql.cj.jdbc.ConnectionImpl.getInstance(ConnectionImpl.java:246) ~[mysql-connector-java-8.0.18.jar:8.0.18]
	at com.mysql.cj.jdbc.NonRegisteringDriver.connect(NonRegisteringDriver.java:199) ~[mysql-connector-java-8.0.18.jar:8.0.18]
	at com.zaxxer.hikari.util.DriverDataSource.getConnection(DriverDataSource.java:138) ~[HikariCP-3.4.1.jar:?]
	at com.zaxxer.hikari.pool.PoolBase.newConnection(PoolBase.java:353) ~[HikariCP-3.4.1.jar:?]
	at com.zaxxer.hikari.pool.PoolBase.newPoolEntry(PoolBase.java:201) ~[HikariCP-3.4.1.jar:?]
	at com.zaxxer.hikari.pool.HikariPool.createPoolEntry(HikariPool.java:473) ~[HikariCP-3.4.1.jar:?]
	at com.zaxxer.hikari.pool.HikariPool.checkFailFast(HikariPool.java:562) ~[HikariCP-3.4.1.jar:?]
	at com.zaxxer.hikari.pool.HikariPool.<init>(HikariPool.java:115) ~[HikariCP-3.4.1.jar:?]
	at com.zaxxer.hikari.HikariDataSource.getConnection(HikariDataSource.java:112) ~[HikariCP-3.4.1.jar:?]
	at org.hibernate.engine.jdbc.connections.internal.DatasourceConnectionProviderImpl.getConnection(DatasourceConnectionProviderImpl.java:122) ~[hibernate-core-5.4.6.Final.jar:5.4.6.Final]
	at org.hibernate.engine.jdbc.env.internal.JdbcEnvironmentInitiator$ConnectionProviderJdbcConnectionAccess.obtainConnection(JdbcEnvironmentInitiator.java:180) ~[hibernate-core-5.4.6.Final.jar:5.4.6.Final]
	at org.hibernate.resource.transaction.backend.jdbc.internal.DdlTransactionIsolatorNonJtaImpl.getIsolatedConnection(DdlTransactionIsolatorNonJtaImpl.java:43) ~[hibernate-core-5.4.6.Final.jar:5.4.6.Final]
	at org.hibernate.tool.schema.internal.exec.ImprovedExtractionContextImpl.getJdbcConnection(ImprovedExtractionContextImpl.java:60) ~[hibernate-core-5.4.6.Final.jar:5.4.6.Final]
	at org.hibernate.tool.schema.internal.exec.ImprovedExtractionContextImpl.getJdbcDatabaseMetaData(ImprovedExtractionContextImpl.java:67) ~[hibernate-core-5.4.6.Final.jar:5.4.6.Final]
	at org.hibernate.tool.schema.extract.internal.InformationExtractorJdbcDatabaseMetaDataImpl.getTables(InformationExtractorJdbcDatabaseMetaDataImpl.java:333) ~[hibernate-core-5.4.6.Final.jar:5.4.6.Final]
	at org.hibernate.tool.schema.extract.internal.DatabaseInformationImpl.getTablesInformation(DatabaseInformationImpl.java:120) ~[hibernate-core-5.4.6.Final.jar:5.4.6.Final]
	at org.hibernate.tool.schema.internal.GroupedSchemaMigratorImpl.performTablesMigration(GroupedSchemaMigratorImpl.java:65) ~[hibernate-core-5.4.6.Final.jar:5.4.6.Final]
	at org.hibernate.tool.schema.internal.AbstractSchemaMigrator.performMigration(AbstractSchemaMigrator.java:207) ~[hibernate-core-5.4.6.Final.jar:5.4.6.Final]
	at org.hibernate.tool.schema.internal.AbstractSchemaMigrator.doMigration(AbstractSchemaMigrator.java:114) ~[hibernate-core-5.4.6.Final.jar:5.4.6.Final]
	at org.hibernate.tool.schema.spi.SchemaManagementToolCoordinator.performDatabaseAction(SchemaManagementToolCoordinator.java:184) ~[hibernate-core-5.4.6.Final.jar:5.4.6.Final]
	at org.hibernate.tool.schema.spi.SchemaManagementToolCoordinator.process(SchemaManagementToolCoordinator.java:73) ~[hibernate-core-5.4.6.Final.jar:5.4.6.Final]
	at org.hibernate.internal.SessionFactoryImpl.<init>(SessionFactoryImpl.java:320) ~[hibernate-core-5.4.6.Final.jar:5.4.6.Final]
	at org.hibernate.boot.internal.SessionFactoryBuilderImpl.build(SessionFactoryBuilderImpl.java:462) ~[hibernate-core-5.4.6.Final.jar:5.4.6.Final]
	at org.hibernate.jpa.boot.internal.EntityManagerFactoryBuilderImpl.build(EntityManagerFactoryBuilderImpl.java:935) ~[hibernate-core-5.4.6.Final.jar:5.4.6.Final]
	at org.springframework.orm.jpa.vendor.SpringHibernateJpaPersistenceProvider.createContainerEntityManagerFactory(SpringHibernateJpaPersistenceProvider.java:58) ~[spring-orm-5.2.0.RELEASE.jar:5.2.0.RELEASE]
	at org.springframework.orm.jpa.LocalContainerEntityManagerFactoryBean.createNativeEntityManagerFactory(LocalContainerEntityManagerFactoryBean.java:365) ~[spring-orm-5.2.0.RELEASE.jar:5.2.0.RELEASE]
	at org.springframework.orm.jpa.AbstractEntityManagerFactoryBean.buildNativeEntityManagerFactory(AbstractEntityManagerFactoryBean.java:391) ~[spring-orm-5.2.0.RELEASE.jar:5.2.0.RELEASE]
	at org.springframework.orm.jpa.AbstractEntityManagerFactoryBean.afterPropertiesSet(AbstractEntityManagerFactoryBean.java:378) ~[spring-orm-5.2.0.RELEASE.jar:5.2.0.RELEASE]
	at org.springframework.orm.jpa.LocalContainerEntityManagerFactoryBean.afterPropertiesSet(LocalContainerEntityManagerFactoryBean.java:341) ~[spring-orm-5.2.0.RELEASE.jar:5.2.0.RELEASE]
	at org.springframework.beans.factory.support.AbstractAutowireCapableBeanFactory.invokeInitMethods(AbstractAutowireCapableBeanFactory.java:1862) ~[spring-beans-5.2.0.RELEASE.jar:5.2.0.RELEASE]
	at org.springframework.beans.factory.support.AbstractAutowireCapableBeanFactory.initializeBean(AbstractAutowireCapableBeanFactory.java:1799) ~[spring-beans-5.2.0.RELEASE.jar:5.2.0.RELEASE]
	... 16 more

[2m2022-04-06 13:26:36.838[0;39m [32m INFO[0;39m Starting ProjectOtApplication on ALFA103 with PID 9256 (D:\projetos\projetc_lotto\Project_ottol\target\classes started by juliano.ezequiel in D:\projetos\projetc_lotto\Project_ottol)
[2m2022-04-06 13:26:36.854[0;39m [32mDEBUG[0;39m Running with Spring Boot v2.2.0.RELEASE, Spring v5.2.0.RELEASE
[2m2022-04-06 13:26:36.855[0;39m [32m INFO[0;39m No active profile set, falling back to default profiles: default
[2m2022-04-06 13:26:37.801[0;39m [32m INFO[0;39m Bootstrapping Spring Data repositories in DEFAULT mode.
[2m2022-04-06 13:26:37.880[0;39m [32m INFO[0;39m Finished Spring Data repository scanning in 72ms. Found 2 repository interfaces.
[2m2022-04-06 13:26:38.261[0;39m [32m INFO[0;39m Bean 'org.springframework.transaction.annotation.ProxyTransactionManagementConfiguration' of type [org.springframework.transaction.annotation.ProxyTransactionManagementConfiguration] is not eligible for getting processed by all BeanPostProcessors (for example: not eligible for auto-proxying)
[2m2022-04-06 13:26:38.549[0;39m [32m INFO[0;39m Tomcat initialized with port(s): 8011 (http)
[2m2022-04-06 13:26:38.562[0;39m [32m INFO[0;39m Starting service [Tomcat]
[2m2022-04-06 13:26:38.563[0;39m [32m INFO[0;39m Starting Servlet engine: [Apache Tomcat/9.0.27]
[2m2022-04-06 13:26:38.736[0;39m [32m INFO[0;39m Initializing Spring embedded WebApplicationContext
[2m2022-04-06 13:26:38.736[0;39m [32m INFO[0;39m Root WebApplicationContext: initialization completed in 1633 ms
[2m2022-04-06 13:26:38.980[0;39m [32m INFO[0;39m HHH000204: Processing PersistenceUnitInfo [name: default]
[2m2022-04-06 13:26:39.048[0;39m [32m INFO[0;39m HHH000412: Hibernate Core {5.4.6.Final}
[2m2022-04-06 13:26:39.208[0;39m [32m INFO[0;39m HCANN000001: Hibernate Commons Annotations {5.1.0.Final}
[2m2022-04-06 13:26:39.308[0;39m [32m INFO[0;39m HikariPool-1 - Starting...
[2m2022-04-06 13:26:39.462[0;39m [32m INFO[0;39m HikariPool-1 - Start completed.
[2m2022-04-06 13:26:39.481[0;39m [32m INFO[0;39m HHH000400: Using dialect: org.hibernate.dialect.MySQL55Dialect
[2m2022-04-06 13:26:40.452[0;39m [32m INFO[0;39m HHH000490: Using JtaPlatform implementation: [org.hibernate.engine.transaction.jta.platform.internal.NoJtaPlatform]
[2m2022-04-06 13:26:40.599[0;39m [32m INFO[0;39m Initialized JPA EntityManagerFactory for persistence unit 'default'
[2m2022-04-06 13:26:42.041[0;39m [33m WARN[0;39m spring.jpa.open-in-view is enabled by default. Therefore, database queries may be performed during view rendering. Explicitly configure spring.jpa.open-in-view to disable this warning
[2m2022-04-06 13:26:42.175[0;39m [32m INFO[0;39m Initializing ExecutorService 'applicationTaskExecutor'
[2m2022-04-06 13:26:42.586[0;39m [33m WARN[0;39m Exception encountered during context initialization - cancelling refresh attempt: org.springframework.beans.factory.BeanCreationException: Error creating bean with name 'groovyMarkupConfigurer' defined in class path resource [org/springframework/boot/autoconfigure/groovy/template/GroovyTemplateAutoConfiguration$GroovyMarkupConfiguration.class]: Invocation of init method failed; nested exception is java.lang.reflect.InaccessibleObjectException: Unable to make private java.lang.Class(java.lang.ClassLoader,java.lang.Class) accessible: module java.base does not "opens java.lang" to unnamed module @5136d012
[2m2022-04-06 13:26:42.587[0;39m [32m INFO[0;39m Shutting down ExecutorService 'applicationTaskExecutor'
[2m2022-04-06 13:26:42.591[0;39m [32m INFO[0;39m Closing JPA EntityManagerFactory for persistence unit 'default'
[2m2022-04-06 13:26:42.594[0;39m [32m INFO[0;39m HikariPool-1 - Shutdown initiated...
[2m2022-04-06 13:26:42.603[0;39m [32m INFO[0;39m HikariPool-1 - Shutdown completed.
[2m2022-04-06 13:26:42.605[0;39m [32m INFO[0;39m Stopping service [Tomcat]
[2m2022-04-06 13:26:42.613[0;39m [32m INFO[0;39m 

Error starting ApplicationContext. To display the conditions report re-run your application with 'debug' enabled.
[2m2022-04-06 13:26:42.614[0;39m [31mERROR[0;39m Application run failed

org.springframework.beans.factory.BeanCreationException: Error creating bean with name 'groovyMarkupConfigurer' defined in class path resource [org/springframework/boot/autoconfigure/groovy/template/GroovyTemplateAutoConfiguration$GroovyMarkupConfiguration.class]: Invocation of init method failed; nested exception is java.lang.reflect.InaccessibleObjectException: Unable to make private java.lang.Class(java.lang.ClassLoader,java.lang.Class) accessible: module java.base does not "opens java.lang" to unnamed module @5136d012
	at org.springframework.beans.factory.support.AbstractAutowireCapableBeanFactory.initializeBean(AbstractAutowireCapableBeanFactory.java:1803) ~[spring-beans-5.2.0.RELEASE.jar:5.2.0.RELEASE]
	at org.springframework.beans.factory.support.AbstractAutowireCapableBeanFactory.doCreateBean(AbstractAutowireCapableBeanFactory.java:595) ~[spring-beans-5.2.0.RELEASE.jar:5.2.0.RELEASE]
	at org.springframework.beans.factory.support.AbstractAutowireCapableBeanFactory.createBean(AbstractAutowireCapableBeanFactory.java:517) ~[spring-beans-5.2.0.RELEASE.jar:5.2.0.RELEASE]
	at org.springframework.beans.factory.support.AbstractBeanFactory.lambda$doGetBean$0(AbstractBeanFactory.java:323) ~[spring-beans-5.2.0.RELEASE.jar:5.2.0.RELEASE]
	at org.springframework.beans.factory.support.DefaultSingletonBeanRegistry.getSingleton(DefaultSingletonBeanRegistry.java:222) ~[spring-beans-5.2.0.RELEASE.jar:5.2.0.RELEASE]
	at org.springframework.beans.factory.support.AbstractBeanFactory.doGetBean(AbstractBeanFactory.java:321) ~[spring-beans-5.2.0.RELEASE.jar:5.2.0.RELEASE]
	at org.springframework.beans.factory.support.AbstractBeanFactory.getBean(AbstractBeanFactory.java:202) ~[spring-beans-5.2.0.RELEASE.jar:5.2.0.RELEASE]
	at org.springframework.beans.factory.support.DefaultListableBeanFactory.preInstantiateSingletons(DefaultListableBeanFactory.java:879) ~[spring-beans-5.2.0.RELEASE.jar:5.2.0.RELEASE]
	at org.springframework.context.support.AbstractApplicationContext.finishBeanFactoryInitialization(AbstractApplicationContext.java:878) ~[spring-context-5.2.0.RELEASE.jar:5.2.0.RELEASE]
	at org.springframework.context.support.AbstractApplicationContext.refresh(AbstractApplicationContext.java:550) ~[spring-context-5.2.0.RELEASE.jar:5.2.0.RELEASE]
	at org.springframework.boot.web.servlet.context.ServletWebServerApplicationContext.refresh(ServletWebServerApplicationContext.java:141) ~[spring-boot-2.2.0.RELEASE.jar:2.2.0.RELEASE]
	at org.springframework.boot.SpringApplication.refresh(SpringApplication.java:747) [spring-boot-2.2.0.RELEASE.jar:2.2.0.RELEASE]
	at org.springframework.boot.SpringApplication.refreshContext(SpringApplication.java:397) [spring-boot-2.2.0.RELEASE.jar:2.2.0.RELEASE]
	at org.springframework.boot.SpringApplication.run(SpringApplication.java:315) [spring-boot-2.2.0.RELEASE.jar:2.2.0.RELEASE]
	at org.springframework.boot.SpringApplication.run(SpringApplication.java:1226) [spring-boot-2.2.0.RELEASE.jar:2.2.0.RELEASE]
	at org.springframework.boot.SpringApplication.run(SpringApplication.java:1215) [spring-boot-2.2.0.RELEASE.jar:2.2.0.RELEASE]
	at br.com.ot.ProjectOtApplication.main(ProjectOtApplication.java:10) [classes/:?]
Caused by: java.lang.reflect.InaccessibleObjectException: Unable to make private java.lang.Class(java.lang.ClassLoader,java.lang.Class) accessible: module java.base does not "opens java.lang" to unnamed module @5136d012
	at java.lang.reflect.AccessibleObject.checkCanSetAccessible(AccessibleObject.java:354) ~[?:?]
	at java.lang.reflect.AccessibleObject.checkCanSetAccessible(AccessibleObject.java:297) ~[?:?]
	at java.lang.reflect.Constructor.checkCanSetAccessible(Constructor.java:188) ~[?:?]
	at java.lang.reflect.Constructor.setAccessible(Constructor.java:181) ~[?:?]
	at org.codehaus.groovy.reflection.CachedConstructor$1.run(CachedConstructor.java:41) ~[groovy-all-2.4.1.jar:2.4.1]
	at java.security.AccessController.doPrivileged(AccessController.java:318) ~[?:?]
	at org.codehaus.groovy.reflection.CachedConstructor.<init>(CachedConstructor.java:39) ~[groovy-all-2.4.1.jar:2.4.1]
	at org.codehaus.groovy.reflection.CachedClass$2.initValue(CachedClass.java:76) ~[groovy-all-2.4.1.jar:2.4.1]
	at org.codehaus.groovy.reflection.CachedClass$2.initValue(CachedClass.java:66) ~[groovy-all-2.4.1.jar:2.4.1]
	at org.codehaus.groovy.util.LazyReference.getLocked(LazyReference.java:46) ~[groovy-all-2.4.1.jar:2.4.1]
	at org.codehaus.groovy.util.LazyReference.get(LazyReference.java:33) ~[groovy-all-2.4.1.jar:2.4.1]
	at org.codehaus.groovy.reflection.CachedClass.getConstructors(CachedClass.java:265) ~[groovy-all-2.4.1.jar:2.4.1]
	at groovy.lang.MetaClassImpl.<init>(MetaClassImpl.java:215) ~[groovy-all-2.4.1.jar:2.4.1]
	at groovy.lang.MetaClassImpl.<init>(MetaClassImpl.java:225) ~[groovy-all-2.4.1.jar:2.4.1]
	at groovy.lang.MetaClassRegistry$MetaClassCreationHandle.createNormalMetaClass(MetaClassRegistry.java:168) ~[groovy-all-2.4.1.jar:2.4.1]
	at groovy.lang.MetaClassRegistry$MetaClassCreationHandle.createWithCustomLookup(MetaClassRegistry.java:158) ~[groovy-all-2.4.1.jar:2.4.1]
	at groovy.lang.MetaClassRegistry$MetaClassCreationHandle.create(MetaClassRegistry.java:141) ~[groovy-all-2.4.1.jar:2.4.1]
	at org.codehaus.groovy.reflection.ClassInfo.getMetaClassUnderLock(ClassInfo.java:250) ~[groovy-all-2.4.1.jar:2.4.1]
	at org.codehaus.groovy.reflection.ClassInfo.getMetaClass(ClassInfo.java:282) ~[groovy-all-2.4.1.jar:2.4.1]
	at org.codehaus.groovy.runtime.metaclass.MetaClassRegistryImpl.getMetaClass(MetaClassRegistryImpl.java:255) ~[groovy-all-2.4.1.jar:2.4.1]
	at groovy.lang.MetaClassImpl.getProperty(MetaClassImpl.java:1826) ~[groovy-all-2.4.1.jar:2.4.1]
	at groovy.lang.MetaClassImpl.getProperty(MetaClassImpl.java:3734) ~[groovy-all-2.4.1.jar:2.4.1]
	at org.codehaus.groovy.runtime.callsite.ClassMetaClassGetPropertySite.getProperty(ClassMetaClassGetPropertySite.java:48) ~[groovy-all-2.4.1.jar:2.4.1]
	at org.codehaus.groovy.runtime.callsite.AbstractCallSite.callGetProperty(AbstractCallSite.java:293) ~[groovy-all-2.4.1.jar:2.4.1]
	at org.codehaus.groovy.control.customizers.ASTTransformationCustomizer.<init>(ASTTransformationCustomizer.groovy:186) ~[groovy-all-2.4.1.jar:2.4.1]
	at groovy.text.markup.MarkupTemplateEngine.<init>(MarkupTemplateEngine.java:91) ~[groovy-all-2.4.1.jar:2.4.1]
	at org.springframework.web.servlet.view.groovy.GroovyMarkupConfigurer.createTemplateEngine(GroovyMarkupConfigurer.java:160) ~[spring-webmvc-5.2.0.RELEASE.jar:5.2.0.RELEASE]
	at org.springframework.web.servlet.view.groovy.GroovyMarkupConfigurer.afterPropertiesSet(GroovyMarkupConfigurer.java:153) ~[spring-webmvc-5.2.0.RELEASE.jar:5.2.0.RELEASE]
	at org.springframework.beans.factory.support.AbstractAutowireCapableBeanFactory.invokeInitMethods(AbstractAutowireCapableBeanFactory.java:1862) ~[spring-beans-5.2.0.RELEASE.jar:5.2.0.RELEASE]
	at org.springframework.beans.factory.support.AbstractAutowireCapableBeanFactory.initializeBean(AbstractAutowireCapableBeanFactory.java:1799) ~[spring-beans-5.2.0.RELEASE.jar:5.2.0.RELEASE]
	... 16 more

[2m2022-04-06 13:27:21.740[0;39m [32m INFO[0;39m Starting ProjectOtApplication on ALFA103 with PID 13168 (D:\projetos\projetc_lotto\Project_ottol\target\classes started by juliano.ezequiel in D:\projetos\projetc_lotto\Project_ottol)
[2m2022-04-06 13:27:21.752[0;39m [32mDEBUG[0;39m Running with Spring Boot v2.2.0.RELEASE, Spring v5.2.0.RELEASE
[2m2022-04-06 13:27:21.753[0;39m [32m INFO[0;39m No active profile set, falling back to default profiles: default
[2m2022-04-06 13:27:22.682[0;39m [32m INFO[0;39m Bootstrapping Spring Data repositories in DEFAULT mode.
[2m2022-04-06 13:27:22.761[0;39m [32m INFO[0;39m Finished Spring Data repository scanning in 71ms. Found 2 repository interfaces.
[2m2022-04-06 13:27:23.125[0;39m [32m INFO[0;39m Bean 'org.springframework.transaction.annotation.ProxyTransactionManagementConfiguration' of type [org.springframework.transaction.annotation.ProxyTransactionManagementConfiguration] is not eligible for getting processed by all BeanPostProcessors (for example: not eligible for auto-proxying)
[2m2022-04-06 13:27:23.414[0;39m [32m INFO[0;39m Tomcat initialized with port(s): 8011 (http)
[2m2022-04-06 13:27:23.425[0;39m [32m INFO[0;39m Starting service [Tomcat]
[2m2022-04-06 13:27:23.426[0;39m [32m INFO[0;39m Starting Servlet engine: [Apache Tomcat/9.0.27]
[2m2022-04-06 13:27:23.566[0;39m [32m INFO[0;39m Initializing Spring embedded WebApplicationContext
[2m2022-04-06 13:27:23.567[0;39m [32m INFO[0;39m Root WebApplicationContext: initialization completed in 1557 ms
[2m2022-04-06 13:27:23.820[0;39m [32m INFO[0;39m HHH000204: Processing PersistenceUnitInfo [name: default]
[2m2022-04-06 13:27:23.891[0;39m [32m INFO[0;39m HHH000412: Hibernate Core {5.4.6.Final}
[2m2022-04-06 13:27:24.044[0;39m [32m INFO[0;39m HCANN000001: Hibernate Commons Annotations {5.1.0.Final}
[2m2022-04-06 13:27:24.144[0;39m [32m INFO[0;39m HikariPool-1 - Starting...
[2m2022-04-06 13:27:24.296[0;39m [32m INFO[0;39m HikariPool-1 - Start completed.
[2m2022-04-06 13:27:24.313[0;39m [32m INFO[0;39m HHH000400: Using dialect: org.hibernate.dialect.MySQL55Dialect
[2m2022-04-06 13:27:25.276[0;39m [32m INFO[0;39m HHH000490: Using JtaPlatform implementation: [org.hibernate.engine.transaction.jta.platform.internal.NoJtaPlatform]
[2m2022-04-06 13:27:25.402[0;39m [32m INFO[0;39m Initialized JPA EntityManagerFactory for persistence unit 'default'
[2m2022-04-06 13:27:26.883[0;39m [33m WARN[0;39m spring.jpa.open-in-view is enabled by default. Therefore, database queries may be performed during view rendering. Explicitly configure spring.jpa.open-in-view to disable this warning
[2m2022-04-06 13:27:27.026[0;39m [32m INFO[0;39m Initializing ExecutorService 'applicationTaskExecutor'
[2m2022-04-06 13:27:27.440[0;39m [33m WARN[0;39m Exception encountered during context initialization - cancelling refresh attempt: org.springframework.beans.factory.BeanCreationException: Error creating bean with name 'groovyMarkupConfigurer' defined in class path resource [org/springframework/boot/autoconfigure/groovy/template/GroovyTemplateAutoConfiguration$GroovyMarkupConfiguration.class]: Invocation of init method failed; nested exception is java.lang.reflect.InaccessibleObjectException: Unable to make private java.lang.Class(java.lang.ClassLoader,java.lang.Class) accessible: module java.base does not "opens java.lang" to unnamed module @5136d012
[2m2022-04-06 13:27:27.441[0;39m [32m INFO[0;39m Shutting down ExecutorService 'applicationTaskExecutor'
[2m2022-04-06 13:27:27.445[0;39m [32m INFO[0;39m Closing JPA EntityManagerFactory for persistence unit 'default'
[2m2022-04-06 13:27:27.447[0;39m [32m INFO[0;39m HikariPool-1 - Shutdown initiated...
[2m2022-04-06 13:27:27.455[0;39m [32m INFO[0;39m HikariPool-1 - Shutdown completed.
[2m2022-04-06 13:27:27.457[0;39m [32m INFO[0;39m Stopping service [Tomcat]
[2m2022-04-06 13:27:27.465[0;39m [32m INFO[0;39m 

Error starting ApplicationContext. To display the conditions report re-run your application with 'debug' enabled.
[2m2022-04-06 13:27:27.467[0;39m [31mERROR[0;39m Application run failed

org.springframework.beans.factory.BeanCreationException: Error creating bean with name 'groovyMarkupConfigurer' defined in class path resource [org/springframework/boot/autoconfigure/groovy/template/GroovyTemplateAutoConfiguration$GroovyMarkupConfiguration.class]: Invocation of init method failed; nested exception is java.lang.reflect.InaccessibleObjectException: Unable to make private java.lang.Class(java.lang.ClassLoader,java.lang.Class) accessible: module java.base does not "opens java.lang" to unnamed module @5136d012
	at org.springframework.beans.factory.support.AbstractAutowireCapableBeanFactory.initializeBean(AbstractAutowireCapableBeanFactory.java:1803) ~[spring-beans-5.2.0.RELEASE.jar:5.2.0.RELEASE]
	at org.springframework.beans.factory.support.AbstractAutowireCapableBeanFactory.doCreateBean(AbstractAutowireCapableBeanFactory.java:595) ~[spring-beans-5.2.0.RELEASE.jar:5.2.0.RELEASE]
	at org.springframework.beans.factory.support.AbstractAutowireCapableBeanFactory.createBean(AbstractAutowireCapableBeanFactory.java:517) ~[spring-beans-5.2.0.RELEASE.jar:5.2.0.RELEASE]
	at org.springframework.beans.factory.support.AbstractBeanFactory.lambda$doGetBean$0(AbstractBeanFactory.java:323) ~[spring-beans-5.2.0.RELEASE.jar:5.2.0.RELEASE]
	at org.springframework.beans.factory.support.DefaultSingletonBeanRegistry.getSingleton(DefaultSingletonBeanRegistry.java:222) ~[spring-beans-5.2.0.RELEASE.jar:5.2.0.RELEASE]
	at org.springframework.beans.factory.support.AbstractBeanFactory.doGetBean(AbstractBeanFactory.java:321) ~[spring-beans-5.2.0.RELEASE.jar:5.2.0.RELEASE]
	at org.springframework.beans.factory.support.AbstractBeanFactory.getBean(AbstractBeanFactory.java:202) ~[spring-beans-5.2.0.RELEASE.jar:5.2.0.RELEASE]
	at org.springframework.beans.factory.support.DefaultListableBeanFactory.preInstantiateSingletons(DefaultListableBeanFactory.java:879) ~[spring-beans-5.2.0.RELEASE.jar:5.2.0.RELEASE]
	at org.springframework.context.support.AbstractApplicationContext.finishBeanFactoryInitialization(AbstractApplicationContext.java:878) ~[spring-context-5.2.0.RELEASE.jar:5.2.0.RELEASE]
	at org.springframework.context.support.AbstractApplicationContext.refresh(AbstractApplicationContext.java:550) ~[spring-context-5.2.0.RELEASE.jar:5.2.0.RELEASE]
	at org.springframework.boot.web.servlet.context.ServletWebServerApplicationContext.refresh(ServletWebServerApplicationContext.java:141) ~[spring-boot-2.2.0.RELEASE.jar:2.2.0.RELEASE]
	at org.springframework.boot.SpringApplication.refresh(SpringApplication.java:747) [spring-boot-2.2.0.RELEASE.jar:2.2.0.RELEASE]
	at org.springframework.boot.SpringApplication.refreshContext(SpringApplication.java:397) [spring-boot-2.2.0.RELEASE.jar:2.2.0.RELEASE]
	at org.springframework.boot.SpringApplication.run(SpringApplication.java:315) [spring-boot-2.2.0.RELEASE.jar:2.2.0.RELEASE]
	at org.springframework.boot.SpringApplication.run(SpringApplication.java:1226) [spring-boot-2.2.0.RELEASE.jar:2.2.0.RELEASE]
	at org.springframework.boot.SpringApplication.run(SpringApplication.java:1215) [spring-boot-2.2.0.RELEASE.jar:2.2.0.RELEASE]
	at br.com.ot.ProjectOtApplication.main(ProjectOtApplication.java:10) [classes/:?]
Caused by: java.lang.reflect.InaccessibleObjectException: Unable to make private java.lang.Class(java.lang.ClassLoader,java.lang.Class) accessible: module java.base does not "opens java.lang" to unnamed module @5136d012
	at java.lang.reflect.AccessibleObject.checkCanSetAccessible(AccessibleObject.java:354) ~[?:?]
	at java.lang.reflect.AccessibleObject.checkCanSetAccessible(AccessibleObject.java:297) ~[?:?]
	at java.lang.reflect.Constructor.checkCanSetAccessible(Constructor.java:188) ~[?:?]
	at java.lang.reflect.Constructor.setAccessible(Constructor.java:181) ~[?:?]
	at org.codehaus.groovy.reflection.CachedConstructor$1.run(CachedConstructor.java:41) ~[groovy-all-2.4.1.jar:2.4.1]
	at java.security.AccessController.doPrivileged(AccessController.java:318) ~[?:?]
	at org.codehaus.groovy.reflection.CachedConstructor.<init>(CachedConstructor.java:39) ~[groovy-all-2.4.1.jar:2.4.1]
	at org.codehaus.groovy.reflection.CachedClass$2.initValue(CachedClass.java:76) ~[groovy-all-2.4.1.jar:2.4.1]
	at org.codehaus.groovy.reflection.CachedClass$2.initValue(CachedClass.java:66) ~[groovy-all-2.4.1.jar:2.4.1]
	at org.codehaus.groovy.util.LazyReference.getLocked(LazyReference.java:46) ~[groovy-all-2.4.1.jar:2.4.1]
	at org.codehaus.groovy.util.LazyReference.get(LazyReference.java:33) ~[groovy-all-2.4.1.jar:2.4.1]
	at org.codehaus.groovy.reflection.CachedClass.getConstructors(CachedClass.java:265) ~[groovy-all-2.4.1.jar:2.4.1]
	at groovy.lang.MetaClassImpl.<init>(MetaClassImpl.java:215) ~[groovy-all-2.4.1.jar:2.4.1]
	at groovy.lang.MetaClassImpl.<init>(MetaClassImpl.java:225) ~[groovy-all-2.4.1.jar:2.4.1]
	at groovy.lang.MetaClassRegistry$MetaClassCreationHandle.createNormalMetaClass(MetaClassRegistry.java:168) ~[groovy-all-2.4.1.jar:2.4.1]
	at groovy.lang.MetaClassRegistry$MetaClassCreationHandle.createWithCustomLookup(MetaClassRegistry.java:158) ~[groovy-all-2.4.1.jar:2.4.1]
	at groovy.lang.MetaClassRegistry$MetaClassCreationHandle.create(MetaClassRegistry.java:141) ~[groovy-all-2.4.1.jar:2.4.1]
	at org.codehaus.groovy.reflection.ClassInfo.getMetaClassUnderLock(ClassInfo.java:250) ~[groovy-all-2.4.1.jar:2.4.1]
	at org.codehaus.groovy.reflection.ClassInfo.getMetaClass(ClassInfo.java:282) ~[groovy-all-2.4.1.jar:2.4.1]
	at org.codehaus.groovy.runtime.metaclass.MetaClassRegistryImpl.getMetaClass(MetaClassRegistryImpl.java:255) ~[groovy-all-2.4.1.jar:2.4.1]
	at groovy.lang.MetaClassImpl.getProperty(MetaClassImpl.java:1826) ~[groovy-all-2.4.1.jar:2.4.1]
	at groovy.lang.MetaClassImpl.getProperty(MetaClassImpl.java:3734) ~[groovy-all-2.4.1.jar:2.4.1]
	at org.codehaus.groovy.runtime.callsite.ClassMetaClassGetPropertySite.getProperty(ClassMetaClassGetPropertySite.java:48) ~[groovy-all-2.4.1.jar:2.4.1]
	at org.codehaus.groovy.runtime.callsite.AbstractCallSite.callGetProperty(AbstractCallSite.java:293) ~[groovy-all-2.4.1.jar:2.4.1]
	at org.codehaus.groovy.control.customizers.ASTTransformationCustomizer.<init>(ASTTransformationCustomizer.groovy:186) ~[groovy-all-2.4.1.jar:2.4.1]
	at groovy.text.markup.MarkupTemplateEngine.<init>(MarkupTemplateEngine.java:91) ~[groovy-all-2.4.1.jar:2.4.1]
	at org.springframework.web.servlet.view.groovy.GroovyMarkupConfigurer.createTemplateEngine(GroovyMarkupConfigurer.java:160) ~[spring-webmvc-5.2.0.RELEASE.jar:5.2.0.RELEASE]
	at org.springframework.web.servlet.view.groovy.GroovyMarkupConfigurer.afterPropertiesSet(GroovyMarkupConfigurer.java:153) ~[spring-webmvc-5.2.0.RELEASE.jar:5.2.0.RELEASE]
	at org.springframework.beans.factory.support.AbstractAutowireCapableBeanFactory.invokeInitMethods(AbstractAutowireCapableBeanFactory.java:1862) ~[spring-beans-5.2.0.RELEASE.jar:5.2.0.RELEASE]
	at org.springframework.beans.factory.support.AbstractAutowireCapableBeanFactory.initializeBean(AbstractAutowireCapableBeanFactory.java:1799) ~[spring-beans-5.2.0.RELEASE.jar:5.2.0.RELEASE]
	... 16 more

